{"C:\\projects\\curoo\\client\\src\\index.js": {"path":"C:\\projects\\curoo\\client\\src\\index.js","statementMap":{"0":{"start":{"line":1,"column":32},"end":{"line":1,"column":76}},"1":{"start":{"line":1,"column":90},"end":{"line":1,"column":106}},"2":{"start":{"line":1,"column":121},"end":{"line":1,"column":151}},"3":{"start":{"line":2,"column":16},"end":{"line":2,"column":36}},"4":{"start":{"line":2,"column":54},"end":{"line":2,"column":87}},"5":{"start":{"line":3,"column":0},"end":{"line":3,"column":23}},"6":{"start":{"line":4,"column":11},"end":{"line":4,"column":38}},"7":{"start":{"line":4,"column":51},"end":{"line":4,"column":79}},"8":{"start":{"line":5,"column":13},"end":{"line":5,"column":31}},"9":{"start":{"line":5,"column":46},"end":{"line":5,"column":76}},"10":{"start":{"line":6,"column":18},"end":{"line":6,"column":40}},"11":{"start":{"line":6,"column":79},"end":{"line":6,"column":133}},"12":{"start":{"line":8,"column":0},"end":{"line":12,"column":33}}},"fnMap":{"0":{"name":"_interopRequireDefault","decl":{"start":{"line":6,"column":50},"end":{"line":6,"column":72}},"loc":{"start":{"line":6,"column":78},"end":{"line":6,"column":134}},"line":6}},"branchMap":{"0":{"loc":{"start":{"line":6,"column":86},"end":{"line":6,"column":132}},"type":"cond-expr","locations":[{"start":{"line":6,"column":110},"end":{"line":6,"column":113}},{"start":{"line":6,"column":116},"end":{"line":6,"column":132}}],"line":6},"1":{"loc":{"start":{"line":6,"column":86},"end":{"line":6,"column":107}},"type":"binary-expr","locations":[{"start":{"line":6,"column":86},"end":{"line":6,"column":89}},{"start":{"line":6,"column":93},"end":{"line":6,"column":107}}],"line":6}},"s":{"0":0,"1":0,"2":0,"3":0,"4":0,"5":0,"6":0,"7":0,"8":0,"9":0,"10":0,"11":0,"12":0},"f":{"0":0},"b":{"0":[0,0],"1":[0,0]}}
,"C:\\projects\\curoo\\client\\src\\_components\\Main.js": {"path":"C:\\projects\\curoo\\client\\src\\_components\\Main.js","statementMap":{"0":{"start":{"line":1,"column":13},"end":{"line":1,"column":75}},"1":{"start":{"line":1,"column":94},"end":{"line":1,"column":150}},"2":{"start":{"line":1,"column":164},"end":{"line":1,"column":180}},"3":{"start":{"line":1,"column":195},"end":{"line":1,"column":225}},"4":{"start":{"line":2,"column":18},"end":{"line":2,"column":39}},"5":{"start":{"line":2,"column":59},"end":{"line":2,"column":94}},"6":{"start":{"line":3,"column":14},"end":{"line":3,"column":49}},"7":{"start":{"line":4,"column":14},"end":{"line":4,"column":49}},"8":{"start":{"line":4,"column":65},"end":{"line":4,"column":96}},"9":{"start":{"line":5,"column":14},"end":{"line":5,"column":49}},"10":{"start":{"line":5,"column":65},"end":{"line":5,"column":96}},"11":{"start":{"line":6,"column":15},"end":{"line":6,"column":51}},"12":{"start":{"line":6,"column":68},"end":{"line":6,"column":100}},"13":{"start":{"line":7,"column":12},"end":{"line":7,"column":45}},"14":{"start":{"line":7,"column":59},"end":{"line":7,"column":88}},"15":{"start":{"line":8,"column":16},"end":{"line":8,"column":53}},"16":{"start":{"line":8,"column":71},"end":{"line":8,"column":104}},"17":{"start":{"line":9,"column":18},"end":{"line":9,"column":57}},"18":{"start":{"line":9,"column":77},"end":{"line":9,"column":112}},"19":{"start":{"line":10,"column":17},"end":{"line":10,"column":55}},"20":{"start":{"line":10,"column":74},"end":{"line":10,"column":108}},"21":{"start":{"line":11,"column":15},"end":{"line":11,"column":51}},"22":{"start":{"line":11,"column":68},"end":{"line":11,"column":100}},"23":{"start":{"line":12,"column":18},"end":{"line":12,"column":57}},"24":{"start":{"line":12,"column":77},"end":{"line":12,"column":112}},"25":{"start":{"line":13,"column":12},"end":{"line":13,"column":46}},"26":{"start":{"line":13,"column":60},"end":{"line":13,"column":89}},"27":{"start":{"line":14,"column":19},"end":{"line":14,"column":60}},"28":{"start":{"line":14,"column":81},"end":{"line":14,"column":117}},"29":{"start":{"line":15,"column":20},"end":{"line":15,"column":62}},"30":{"start":{"line":15,"column":84},"end":{"line":15,"column":121}},"31":{"start":{"line":16,"column":17},"end":{"line":16,"column":56}},"32":{"start":{"line":16,"column":75},"end":{"line":16,"column":109}},"33":{"start":{"line":17,"column":19},"end":{"line":17,"column":60}},"34":{"start":{"line":17,"column":81},"end":{"line":17,"column":117}},"35":{"start":{"line":18,"column":16},"end":{"line":18,"column":53}},"36":{"start":{"line":18,"column":71},"end":{"line":18,"column":104}},"37":{"start":{"line":19,"column":20},"end":{"line":19,"column":61}},"38":{"start":{"line":19,"column":83},"end":{"line":19,"column":120}},"39":{"start":{"line":20,"column":20},"end":{"line":20,"column":61}},"40":{"start":{"line":20,"column":83},"end":{"line":20,"column":120}},"41":{"start":{"line":20,"column":159},"end":{"line":20,"column":213}},"42":{"start":{"line":22,"column":20},"end":{"line":22,"column":23}},"43":{"start":{"line":24,"column":15},"end":{"line":49,"column":34}},"44":{"start":{"line":24,"column":25},"end":{"line":49,"column":33}},"45":{"start":{"line":56,"column":4},"end":{"line":56,"column":14}},"46":{"start":{"line":56,"column":31},"end":{"line":56,"column":45}},"47":{"start":{"line":56,"column":59},"end":{"line":56,"column":76}},"48":{"start":{"line":56,"column":88},"end":{"line":56,"column":103}},"49":{"start":{"line":56,"column":118},"end":{"line":56,"column":136}},"50":{"start":{"line":58,"column":4},"end":{"line":95,"column":22}},"51":{"start":{"line":87,"column":12},"end":{"line":88,"column":166}},"52":{"start":{"line":87,"column":93},"end":{"line":87,"column":115}},"53":{"start":{"line":99,"column":4},"end":{"line":102,"column":38}}},"fnMap":{"0":{"name":"_interopRequireDefault","decl":{"start":{"line":20,"column":130},"end":{"line":20,"column":152}},"loc":{"start":{"line":20,"column":158},"end":{"line":20,"column":214}},"line":20},"1":{"name":"(anonymous_1)","decl":{"start":{"line":24,"column":15},"end":{"line":24,"column":16}},"loc":{"start":{"line":24,"column":25},"end":{"line":49,"column":33}},"line":24},"2":{"name":"(anonymous_2)","decl":{"start":{"line":54,"column":2},"end":{"line":54,"column":3}},"loc":{"start":{"line":54,"column":11},"end":{"line":99,"column":3}},"line":54},"3":{"name":"(anonymous_3)","decl":{"start":{"line":86,"column":27},"end":{"line":86,"column":28}},"loc":{"start":{"line":87,"column":12},"end":{"line":88,"column":166}},"line":87},"4":{"name":"(anonymous_4)","decl":{"start":{"line":87,"column":87},"end":{"line":87,"column":88}},"loc":{"start":{"line":87,"column":93},"end":{"line":87,"column":115}},"line":87}},"branchMap":{"0":{"loc":{"start":{"line":20,"column":166},"end":{"line":20,"column":212}},"type":"cond-expr","locations":[{"start":{"line":20,"column":190},"end":{"line":20,"column":193}},{"start":{"line":20,"column":196},"end":{"line":20,"column":212}}],"line":20},"1":{"loc":{"start":{"line":20,"column":166},"end":{"line":20,"column":187}},"type":"binary-expr","locations":[{"start":{"line":20,"column":166},"end":{"line":20,"column":169}},{"start":{"line":20,"column":173},"end":{"line":20,"column":187}}],"line":20}},"s":{"0":0,"1":0,"2":0,"3":0,"4":0,"5":0,"6":0,"7":0,"8":0,"9":0,"10":0,"11":0,"12":0,"13":0,"14":0,"15":0,"16":0,"17":0,"18":0,"19":0,"20":0,"21":0,"22":0,"23":0,"24":0,"25":0,"26":0,"27":0,"28":0,"29":0,"30":0,"31":0,"32":0,"33":0,"34":0,"35":0,"36":0,"37":0,"38":0,"39":0,"40":0,"41":0,"42":0,"43":0,"44":0,"45":0,"46":0,"47":0,"48":0,"49":0,"50":0,"51":0,"52":0,"53":0},"f":{"0":0,"1":0,"2":0,"3":0,"4":0},"b":{"0":[0,0],"1":[0,0]}}
,"C:\\projects\\curoo\\client\\src\\_components\\index.js": {"path":"C:\\projects\\curoo\\client\\src\\_components\\index.js","statementMap":{"0":{"start":{"line":1,"column":13},"end":{"line":1,"column":75}},"1":{"start":{"line":1,"column":75},"end":{"line":1,"column":130}},"2":{"start":{"line":1,"column":152},"end":{"line":1,"column":185}},"3":{"start":{"line":1,"column":209},"end":{"line":1,"column":248}},"4":{"start":{"line":2,"column":17},"end":{"line":2,"column":45}},"5":{"start":{"line":2,"column":64},"end":{"line":2,"column":98}},"6":{"start":{"line":2,"column":137},"end":{"line":2,"column":191}},"7":{"start":{"line":2,"column":192},"end":{"line":5,"column":42}},"8":{"start":{"line":5,"column":42},"end":{"line":6,"column":32}}},"fnMap":{"0":{"name":"_interopRequireDefault","decl":{"start":{"line":2,"column":108},"end":{"line":2,"column":130}},"loc":{"start":{"line":2,"column":136},"end":{"line":2,"column":192}},"line":2}},"branchMap":{"0":{"loc":{"start":{"line":2,"column":144},"end":{"line":2,"column":190}},"type":"cond-expr","locations":[{"start":{"line":2,"column":168},"end":{"line":2,"column":171}},{"start":{"line":2,"column":174},"end":{"line":2,"column":190}}],"line":2},"1":{"loc":{"start":{"line":2,"column":144},"end":{"line":2,"column":165}},"type":"binary-expr","locations":[{"start":{"line":2,"column":144},"end":{"line":2,"column":147}},{"start":{"line":2,"column":151},"end":{"line":2,"column":165}}],"line":2}},"s":{"0":0,"1":0,"2":0,"3":0,"4":0,"5":0,"6":0,"7":0,"8":0},"f":{"0":0},"b":{"0":[0,0],"1":[0,0]}}
,"C:\\projects\\curoo\\client\\src\\_components\\Forms\\ExperienceForm.js": {"path":"C:\\projects\\curoo\\client\\src\\_components\\Forms\\ExperienceForm.js","statementMap":{"0":{"start":{"line":1,"column":13},"end":{"line":1,"column":75}},"1":{"start":{"line":1,"column":94},"end":{"line":1,"column":167}},"2":{"start":{"line":1,"column":181},"end":{"line":1,"column":197}},"3":{"start":{"line":1,"column":212},"end":{"line":1,"column":242}},"4":{"start":{"line":2,"column":19},"end":{"line":2,"column":59}},"5":{"start":{"line":2,"column":80},"end":{"line":2,"column":116}},"6":{"start":{"line":3,"column":17},"end":{"line":3,"column":55}},"7":{"start":{"line":3,"column":74},"end":{"line":3,"column":108}},"8":{"start":{"line":4,"column":14},"end":{"line":4,"column":49}},"9":{"start":{"line":4,"column":88},"end":{"line":4,"column":142}},"10":{"start":{"line":6,"column":15},"end":{"line":21,"column":26}},"11":{"start":{"line":6,"column":25},"end":{"line":21,"column":25}},"12":{"start":{"line":38,"column":4},"end":{"line":38,"column":14}},"13":{"start":{"line":38,"column":31},"end":{"line":38,"column":45}},"14":{"start":{"line":38,"column":74},"end":{"line":38,"column":95}},"15":{"start":{"line":38,"column":119},"end":{"line":38,"column":188}},"16":{"start":{"line":38,"column":217},"end":{"line":38,"column":240}},"17":{"start":{"line":38,"column":266},"end":{"line":38,"column":342}},"18":{"start":{"line":38,"column":365},"end":{"line":38,"column":380}},"19":{"start":{"line":38,"column":398},"end":{"line":38,"column":458}},"20":{"start":{"line":38,"column":487},"end":{"line":38,"column":509}},"21":{"start":{"line":38,"column":534},"end":{"line":38,"column":609}},"22":{"start":{"line":38,"column":638},"end":{"line":38,"column":664}},"23":{"start":{"line":38,"column":693},"end":{"line":38,"column":762}},"24":{"start":{"line":38,"column":791},"end":{"line":38,"column":815}},"25":{"start":{"line":38,"column":842},"end":{"line":38,"column":909}},"26":{"start":{"line":38,"column":938},"end":{"line":38,"column":966}},"27":{"start":{"line":38,"column":997},"end":{"line":38,"column":1072}},"28":{"start":{"line":40,"column":4},"end":{"line":107,"column":116}},"29":{"start":{"line":112,"column":4},"end":{"line":115,"column":48}}},"fnMap":{"0":{"name":"_interopRequireDefault","decl":{"start":{"line":4,"column":59},"end":{"line":4,"column":81}},"loc":{"start":{"line":4,"column":87},"end":{"line":4,"column":143}},"line":4},"1":{"name":"(anonymous_1)","decl":{"start":{"line":6,"column":15},"end":{"line":6,"column":16}},"loc":{"start":{"line":6,"column":25},"end":{"line":21,"column":25}},"line":6},"2":{"name":"(anonymous_2)","decl":{"start":{"line":27,"column":2},"end":{"line":27,"column":3}},"loc":{"start":{"line":27,"column":11},"end":{"line":112,"column":3}},"line":27}},"branchMap":{"0":{"loc":{"start":{"line":4,"column":95},"end":{"line":4,"column":141}},"type":"cond-expr","locations":[{"start":{"line":4,"column":119},"end":{"line":4,"column":122}},{"start":{"line":4,"column":125},"end":{"line":4,"column":141}}],"line":4},"1":{"loc":{"start":{"line":4,"column":95},"end":{"line":4,"column":116}},"type":"binary-expr","locations":[{"start":{"line":4,"column":95},"end":{"line":4,"column":98}},{"start":{"line":4,"column":102},"end":{"line":4,"column":116}}],"line":4},"2":{"loc":{"start":{"line":38,"column":119},"end":{"line":38,"column":188}},"type":"cond-expr","locations":[{"start":{"line":38,"column":157},"end":{"line":38,"column":164}},{"start":{"line":38,"column":167},"end":{"line":38,"column":188}}],"line":38},"3":{"loc":{"start":{"line":38,"column":266},"end":{"line":38,"column":342}},"type":"cond-expr","locations":[{"start":{"line":38,"column":304},"end":{"line":38,"column":318}},{"start":{"line":38,"column":321},"end":{"line":38,"column":342}}],"line":38},"4":{"loc":{"start":{"line":38,"column":398},"end":{"line":38,"column":458}},"type":"cond-expr","locations":[{"start":{"line":38,"column":430},"end":{"line":38,"column":440}},{"start":{"line":38,"column":443},"end":{"line":38,"column":458}}],"line":38},"5":{"loc":{"start":{"line":38,"column":534},"end":{"line":38,"column":609}},"type":"cond-expr","locations":[{"start":{"line":38,"column":572},"end":{"line":38,"column":585}},{"start":{"line":38,"column":588},"end":{"line":38,"column":609}}],"line":38},"6":{"loc":{"start":{"line":38,"column":693},"end":{"line":38,"column":762}},"type":"cond-expr","locations":[{"start":{"line":38,"column":731},"end":{"line":38,"column":738}},{"start":{"line":38,"column":741},"end":{"line":38,"column":762}}],"line":38},"7":{"loc":{"start":{"line":38,"column":842},"end":{"line":38,"column":909}},"type":"cond-expr","locations":[{"start":{"line":38,"column":880},"end":{"line":38,"column":885}},{"start":{"line":38,"column":888},"end":{"line":38,"column":909}}],"line":38},"8":{"loc":{"start":{"line":38,"column":997},"end":{"line":38,"column":1072}},"type":"cond-expr","locations":[{"start":{"line":38,"column":1035},"end":{"line":38,"column":1048}},{"start":{"line":38,"column":1051},"end":{"line":38,"column":1072}}],"line":38}},"s":{"0":0,"1":0,"2":0,"3":0,"4":0,"5":0,"6":0,"7":0,"8":0,"9":0,"10":0,"11":0,"12":0,"13":0,"14":0,"15":0,"16":0,"17":0,"18":0,"19":0,"20":0,"21":0,"22":0,"23":0,"24":0,"25":0,"26":0,"27":0,"28":0,"29":0},"f":{"0":0,"1":0,"2":0},"b":{"0":[0,0],"1":[0,0],"2":[0,0],"3":[0,0],"4":[0,0],"5":[0,0],"6":[0,0],"7":[0,0],"8":[0,0]}}
,"C:\\projects\\curoo\\client\\src\\_components\\Forms\\LanguageForm.js": {"path":"C:\\projects\\curoo\\client\\src\\_components\\Forms\\LanguageForm.js","statementMap":{"0":{"start":{"line":1,"column":13},"end":{"line":1,"column":75}},"1":{"start":{"line":1,"column":94},"end":{"line":1,"column":165}},"2":{"start":{"line":1,"column":179},"end":{"line":1,"column":195}},"3":{"start":{"line":1,"column":210},"end":{"line":1,"column":240}},"4":{"start":{"line":2,"column":17},"end":{"line":2,"column":39}},"5":{"start":{"line":2,"column":58},"end":{"line":2,"column":92}},"6":{"start":{"line":2,"column":131},"end":{"line":2,"column":185}},"7":{"start":{"line":4,"column":21},"end":{"line":7,"column":1}},"8":{"start":{"line":5,"column":17},"end":{"line":5,"column":100}},"9":{"start":{"line":6,"column":2},"end":{"line":6,"column":175}},"10":{"start":{"line":7,"column":2},"end":{"line":9,"column":13}}},"fnMap":{"0":{"name":"_interopRequireDefault","decl":{"start":{"line":2,"column":102},"end":{"line":2,"column":124}},"loc":{"start":{"line":2,"column":130},"end":{"line":2,"column":186}},"line":2},"1":{"name":"(anonymous_1)","decl":{"start":{"line":4,"column":21},"end":{"line":4,"column":22}},"loc":{"start":{"line":4,"column":27},"end":{"line":7,"column":1}},"line":4}},"branchMap":{"0":{"loc":{"start":{"line":2,"column":138},"end":{"line":2,"column":184}},"type":"cond-expr","locations":[{"start":{"line":2,"column":162},"end":{"line":2,"column":165}},{"start":{"line":2,"column":168},"end":{"line":2,"column":184}}],"line":2},"1":{"loc":{"start":{"line":2,"column":138},"end":{"line":2,"column":159}},"type":"binary-expr","locations":[{"start":{"line":2,"column":138},"end":{"line":2,"column":141}},{"start":{"line":2,"column":145},"end":{"line":2,"column":159}}],"line":2}},"s":{"0":0,"1":0,"2":0,"3":0,"4":0,"5":0,"6":0,"7":0,"8":0,"9":0,"10":0},"f":{"0":0,"1":0},"b":{"0":[0,0],"1":[0,0]}}
,"C:\\projects\\curoo\\client\\src\\_components\\Forms\\ProfilePicture.js": {"path":"C:\\projects\\curoo\\client\\src\\_components\\Forms\\ProfilePicture.js","statementMap":{"0":{"start":{"line":1,"column":13},"end":{"line":1,"column":75}},"1":{"start":{"line":1,"column":94},"end":{"line":1,"column":167}},"2":{"start":{"line":1,"column":181},"end":{"line":1,"column":197}},"3":{"start":{"line":1,"column":212},"end":{"line":1,"column":242}},"4":{"start":{"line":2,"column":14},"end":{"line":2,"column":49}},"5":{"start":{"line":2,"column":65},"end":{"line":2,"column":96}},"6":{"start":{"line":3,"column":18},"end":{"line":3,"column":43}},"7":{"start":{"line":3,"column":63},"end":{"line":3,"column":98}},"8":{"start":{"line":3,"column":137},"end":{"line":3,"column":191}},"9":{"start":{"line":13,"column":4},"end":{"line":13,"column":12}},"10":{"start":{"line":13,"column":12},"end":{"line":13,"column":50}},"11":{"start":{"line":14,"column":4},"end":{"line":14,"column":53}},"12":{"start":{"line":15,"column":4},"end":{"line":15,"column":53}},"13":{"start":{"line":20,"column":4},"end":{"line":20,"column":18}},"14":{"start":{"line":20,"column":33},"end":{"line":20,"column":85}},"15":{"start":{"line":21,"column":17},"end":{"line":21,"column":25}},"16":{"start":{"line":23,"column":4},"end":{"line":36,"column":5}},"17":{"start":{"line":25,"column":21},"end":{"line":25,"column":37}},"18":{"start":{"line":26,"column":6},"end":{"line":31,"column":13}},"19":{"start":{"line":27,"column":12},"end":{"line":29,"column":30}},"20":{"start":{"line":34,"column":6},"end":{"line":34,"column":33}},"21":{"start":{"line":41,"column":11},"end":{"line":41,"column":26}},"22":{"start":{"line":42,"column":4},"end":{"line":44,"column":5}},"23":{"start":{"line":43,"column":6},"end":{"line":43,"column":30}},"24":{"start":{"line":51,"column":11},"end":{"line":51,"column":26}},"25":{"start":{"line":53,"column":4},"end":{"line":74,"column":120}},"26":{"start":{"line":60,"column":21},"end":{"line":60,"column":36}},"27":{"start":{"line":68,"column":27},"end":{"line":68,"column":45}},"28":{"start":{"line":81,"column":4},"end":{"line":85,"column":42}}},"fnMap":{"0":{"name":"_interopRequireDefault","decl":{"start":{"line":3,"column":108},"end":{"line":3,"column":130}},"loc":{"start":{"line":3,"column":136},"end":{"line":3,"column":192}},"line":3},"1":{"name":"(anonymous_1)","decl":{"start":{"line":12,"column":2},"end":{"line":12,"column":3}},"loc":{"start":{"line":12,"column":16},"end":{"line":16,"column":3}},"line":12},"2":{"name":"(anonymous_2)","decl":{"start":{"line":18,"column":2},"end":{"line":18,"column":3}},"loc":{"start":{"line":18,"column":18},"end":{"line":38,"column":3}},"line":18},"3":{"name":"(anonymous_3)","decl":{"start":{"line":27,"column":6},"end":{"line":27,"column":7}},"loc":{"start":{"line":27,"column":12},"end":{"line":29,"column":30}},"line":27},"4":{"name":"(anonymous_4)","decl":{"start":{"line":40,"column":2},"end":{"line":40,"column":3}},"loc":{"start":{"line":40,"column":17},"end":{"line":45,"column":3}},"line":40},"5":{"name":"(anonymous_5)","decl":{"start":{"line":49,"column":2},"end":{"line":49,"column":3}},"loc":{"start":{"line":49,"column":11},"end":{"line":81,"column":3}},"line":49},"6":{"name":"(anonymous_6)","decl":{"start":{"line":60,"column":15},"end":{"line":60,"column":16}},"loc":{"start":{"line":60,"column":21},"end":{"line":60,"column":36}},"line":60},"7":{"name":"(anonymous_7)","decl":{"start":{"line":68,"column":21},"end":{"line":68,"column":22}},"loc":{"start":{"line":68,"column":27},"end":{"line":68,"column":45}},"line":68}},"branchMap":{"0":{"loc":{"start":{"line":3,"column":144},"end":{"line":3,"column":190}},"type":"cond-expr","locations":[{"start":{"line":3,"column":168},"end":{"line":3,"column":171}},{"start":{"line":3,"column":174},"end":{"line":3,"column":190}}],"line":3},"1":{"loc":{"start":{"line":3,"column":144},"end":{"line":3,"column":165}},"type":"binary-expr","locations":[{"start":{"line":3,"column":144},"end":{"line":3,"column":147}},{"start":{"line":3,"column":151},"end":{"line":3,"column":165}}],"line":3},"2":{"loc":{"start":{"line":20,"column":33},"end":{"line":20,"column":85}},"type":"cond-expr","locations":[{"start":{"line":20,"column":65},"end":{"line":20,"column":67}},{"start":{"line":20,"column":70},"end":{"line":20,"column":85}}],"line":20},"3":{"loc":{"start":{"line":23,"column":4},"end":{"line":36,"column":5}},"type":"if","locations":[{"start":{"line":23,"column":4},"end":{"line":36,"column":5}},{"start":{"line":23,"column":4},"end":{"line":36,"column":5}}],"line":23},"4":{"loc":{"start":{"line":42,"column":4},"end":{"line":44,"column":5}},"type":"if","locations":[{"start":{"line":42,"column":4},"end":{"line":44,"column":5}},{"start":{"line":42,"column":4},"end":{"line":44,"column":5}}],"line":42},"5":{"loc":{"start":{"line":56,"column":8},"end":{"line":57,"column":127}},"type":"binary-expr","locations":[{"start":{"line":56,"column":8},"end":{"line":56,"column":23}},{"start":{"line":57,"column":8},"end":{"line":57,"column":127}}],"line":56}},"s":{"0":0,"1":0,"2":0,"3":0,"4":0,"5":0,"6":0,"7":0,"8":0,"9":0,"10":0,"11":0,"12":0,"13":0,"14":0,"15":0,"16":0,"17":0,"18":0,"19":0,"20":0,"21":0,"22":0,"23":0,"24":0,"25":0,"26":0,"27":0,"28":0},"f":{"0":0,"1":0,"2":0,"3":0,"4":0,"5":0,"6":0,"7":0},"b":{"0":[0,0],"1":[0,0],"2":[0,0],"3":[0,0],"4":[0,0],"5":[0,0]}}
,"C:\\projects\\curoo\\client\\src\\_components\\Forms\\SkillForm.js": {"path":"C:\\projects\\curoo\\client\\src\\_components\\Forms\\SkillForm.js","statementMap":{"0":{"start":{"line":1,"column":13},"end":{"line":1,"column":75}},"1":{"start":{"line":1,"column":94},"end":{"line":1,"column":162}},"2":{"start":{"line":1,"column":176},"end":{"line":1,"column":192}},"3":{"start":{"line":1,"column":207},"end":{"line":1,"column":237}},"4":{"start":{"line":2,"column":17},"end":{"line":2,"column":55}},"5":{"start":{"line":2,"column":74},"end":{"line":2,"column":108}},"6":{"start":{"line":3,"column":13},"end":{"line":3,"column":47}},"7":{"start":{"line":3,"column":62},"end":{"line":3,"column":92}},"8":{"start":{"line":4,"column":18},"end":{"line":4,"column":57}},"9":{"start":{"line":4,"column":77},"end":{"line":4,"column":112}},"10":{"start":{"line":5,"column":16},"end":{"line":5,"column":53}},"11":{"start":{"line":5,"column":71},"end":{"line":5,"column":104}},"12":{"start":{"line":6,"column":19},"end":{"line":6,"column":59}},"13":{"start":{"line":6,"column":80},"end":{"line":6,"column":116}},"14":{"start":{"line":7,"column":14},"end":{"line":7,"column":49}},"15":{"start":{"line":7,"column":65},"end":{"line":7,"column":96}},"16":{"start":{"line":8,"column":14},"end":{"line":8,"column":49}},"17":{"start":{"line":8,"column":65},"end":{"line":8,"column":96}},"18":{"start":{"line":9,"column":14},"end":{"line":9,"column":49}},"19":{"start":{"line":9,"column":88},"end":{"line":9,"column":142}},"20":{"start":{"line":12,"column":15},"end":{"line":27,"column":26}},"21":{"start":{"line":12,"column":25},"end":{"line":27,"column":25}},"22":{"start":{"line":31,"column":74},"end":{"line":39,"column":13}},"23":{"start":{"line":38,"column":6},"end":{"line":38,"column":57}},"24":{"start":{"line":47,"column":4},"end":{"line":47,"column":14}},"25":{"start":{"line":47,"column":31},"end":{"line":47,"column":45}},"26":{"start":{"line":47,"column":66},"end":{"line":47,"column":79}},"27":{"start":{"line":47,"column":95},"end":{"line":47,"column":187}},"28":{"start":{"line":47,"column":211},"end":{"line":47,"column":227}},"29":{"start":{"line":47,"column":246},"end":{"line":47,"column":310}},"30":{"start":{"line":49,"column":4},"end":{"line":80,"column":115}},"31":{"start":{"line":72,"column":12},"end":{"line":72,"column":154}},"32":{"start":{"line":85,"column":4},"end":{"line":89,"column":43}}},"fnMap":{"0":{"name":"_interopRequireDefault","decl":{"start":{"line":9,"column":59},"end":{"line":9,"column":81}},"loc":{"start":{"line":9,"column":87},"end":{"line":9,"column":143}},"line":9},"1":{"name":"(anonymous_1)","decl":{"start":{"line":12,"column":15},"end":{"line":12,"column":16}},"loc":{"start":{"line":12,"column":25},"end":{"line":27,"column":25}},"line":12},"2":{"name":"(anonymous_2)","decl":{"start":{"line":31,"column":42},"end":{"line":31,"column":43}},"loc":{"start":{"line":31,"column":63},"end":{"line":39,"column":14}},"line":31},"3":{"name":"(anonymous_3)","decl":{"start":{"line":37,"column":19},"end":{"line":37,"column":20}},"loc":{"start":{"line":37,"column":24},"end":{"line":39,"column":5}},"line":37},"4":{"name":"(anonymous_4)","decl":{"start":{"line":41,"column":2},"end":{"line":41,"column":3}},"loc":{"start":{"line":41,"column":11},"end":{"line":85,"column":3}},"line":41},"5":{"name":"(anonymous_5)","decl":{"start":{"line":71,"column":23},"end":{"line":71,"column":24}},"loc":{"start":{"line":72,"column":12},"end":{"line":72,"column":154}},"line":72}},"branchMap":{"0":{"loc":{"start":{"line":9,"column":95},"end":{"line":9,"column":141}},"type":"cond-expr","locations":[{"start":{"line":9,"column":119},"end":{"line":9,"column":122}},{"start":{"line":9,"column":125},"end":{"line":9,"column":141}}],"line":9},"1":{"loc":{"start":{"line":9,"column":95},"end":{"line":9,"column":116}},"type":"binary-expr","locations":[{"start":{"line":9,"column":95},"end":{"line":9,"column":98}},{"start":{"line":9,"column":102},"end":{"line":9,"column":116}}],"line":9},"2":{"loc":{"start":{"line":47,"column":95},"end":{"line":47,"column":187}},"type":"cond-expr","locations":[{"start":{"line":47,"column":125},"end":{"line":47,"column":171}},{"start":{"line":47,"column":174},"end":{"line":47,"column":187}}],"line":47},"3":{"loc":{"start":{"line":47,"column":246},"end":{"line":47,"column":310}},"type":"cond-expr","locations":[{"start":{"line":47,"column":279},"end":{"line":47,"column":291}},{"start":{"line":47,"column":294},"end":{"line":47,"column":310}}],"line":47}},"s":{"0":0,"1":0,"2":0,"3":0,"4":0,"5":0,"6":0,"7":0,"8":0,"9":0,"10":0,"11":0,"12":0,"13":0,"14":0,"15":0,"16":0,"17":0,"18":0,"19":0,"20":0,"21":0,"22":0,"23":0,"24":0,"25":0,"26":0,"27":0,"28":0,"29":0,"30":0,"31":0,"32":0},"f":{"0":0,"1":0,"2":0,"3":0,"4":0,"5":0},"b":{"0":[0,0],"1":[0,0],"2":[0,0],"3":[0,0]}}
,"C:\\projects\\curoo\\client\\src\\_components\\Toolbar\\index.js": {"path":"C:\\projects\\curoo\\client\\src\\_components\\Toolbar\\index.js","statementMap":{"0":{"start":{"line":1,"column":13},"end":{"line":1,"column":75}},"1":{"start":{"line":1,"column":94},"end":{"line":1,"column":160}},"2":{"start":{"line":1,"column":174},"end":{"line":1,"column":190}},"3":{"start":{"line":1,"column":205},"end":{"line":1,"column":235}},"4":{"start":{"line":2,"column":17},"end":{"line":2,"column":38}},"5":{"start":{"line":2,"column":57},"end":{"line":2,"column":91}},"6":{"start":{"line":3,"column":14},"end":{"line":3,"column":49}},"7":{"start":{"line":4,"column":16},"end":{"line":4,"column":53}},"8":{"start":{"line":4,"column":71},"end":{"line":4,"column":104}},"9":{"start":{"line":5,"column":20},"end":{"line":5,"column":61}},"10":{"start":{"line":5,"column":83},"end":{"line":5,"column":120}},"11":{"start":{"line":6,"column":23},"end":{"line":6,"column":67}},"12":{"start":{"line":6,"column":92},"end":{"line":6,"column":132}},"13":{"start":{"line":7,"column":15},"end":{"line":7,"column":34}},"14":{"start":{"line":7,"column":50},"end":{"line":7,"column":82}},"15":{"start":{"line":7,"column":121},"end":{"line":7,"column":175}},"16":{"start":{"line":12,"column":4},"end":{"line":12,"column":12}},"17":{"start":{"line":13,"column":4},"end":{"line":15,"column":24}},"18":{"start":{"line":20,"column":4},"end":{"line":20,"column":20}},"19":{"start":{"line":20,"column":39},"end":{"line":20,"column":97}},"20":{"start":{"line":21,"column":4},"end":{"line":23,"column":26}},"21":{"start":{"line":28,"column":4},"end":{"line":28,"column":24}},"22":{"start":{"line":28,"column":43},"end":{"line":28,"column":99}},"23":{"start":{"line":29,"column":16},"end":{"line":29,"column":36}},"24":{"start":{"line":30,"column":4},"end":{"line":32,"column":5}},"25":{"start":{"line":31,"column":6},"end":{"line":31,"column":27}},"26":{"start":{"line":33,"column":4},"end":{"line":33,"column":41}},"27":{"start":{"line":38,"column":4},"end":{"line":38,"column":14}},"28":{"start":{"line":38,"column":32},"end":{"line":38,"column":46}},"29":{"start":{"line":38,"column":63},"end":{"line":38,"column":113}},"30":{"start":{"line":38,"column":124},"end":{"line":38,"column":138}},"31":{"start":{"line":40,"column":4},"end":{"line":57,"column":115}},"32":{"start":{"line":44,"column":10},"end":{"line":57,"column":110}},"33":{"start":{"line":50,"column":33},"end":{"line":50,"column":56}},"34":{"start":{"line":69,"column":0},"end":{"line":70,"column":51}},"35":{"start":{"line":70,"column":51},"end":{"line":73,"column":51}}},"fnMap":{"0":{"name":"_interopRequireDefault","decl":{"start":{"line":7,"column":92},"end":{"line":7,"column":114}},"loc":{"start":{"line":7,"column":120},"end":{"line":7,"column":176}},"line":7},"1":{"name":"(anonymous_1)","decl":{"start":{"line":11,"column":2},"end":{"line":11,"column":3}},"loc":{"start":{"line":11,"column":16},"end":{"line":17,"column":3}},"line":11},"2":{"name":"(anonymous_2)","decl":{"start":{"line":19,"column":2},"end":{"line":19,"column":3}},"loc":{"start":{"line":19,"column":21},"end":{"line":25,"column":3}},"line":19},"3":{"name":"(anonymous_3)","decl":{"start":{"line":27,"column":2},"end":{"line":27,"column":3}},"loc":{"start":{"line":27,"column":18},"end":{"line":34,"column":3}},"line":27},"4":{"name":"(anonymous_4)","decl":{"start":{"line":36,"column":2},"end":{"line":36,"column":3}},"loc":{"start":{"line":36,"column":11},"end":{"line":65,"column":3}},"line":36},"5":{"name":"(anonymous_5)","decl":{"start":{"line":43,"column":22},"end":{"line":43,"column":23}},"loc":{"start":{"line":44,"column":10},"end":{"line":57,"column":110}},"line":44},"6":{"name":"(anonymous_6)","decl":{"start":{"line":50,"column":27},"end":{"line":50,"column":28}},"loc":{"start":{"line":50,"column":33},"end":{"line":50,"column":56}},"line":50}},"branchMap":{"0":{"loc":{"start":{"line":7,"column":128},"end":{"line":7,"column":174}},"type":"cond-expr","locations":[{"start":{"line":7,"column":152},"end":{"line":7,"column":155}},{"start":{"line":7,"column":158},"end":{"line":7,"column":174}}],"line":7},"1":{"loc":{"start":{"line":7,"column":128},"end":{"line":7,"column":149}},"type":"binary-expr","locations":[{"start":{"line":7,"column":128},"end":{"line":7,"column":131}},{"start":{"line":7,"column":135},"end":{"line":7,"column":149}}],"line":7},"2":{"loc":{"start":{"line":20,"column":39},"end":{"line":20,"column":97}},"type":"cond-expr","locations":[{"start":{"line":20,"column":73},"end":{"line":20,"column":77}},{"start":{"line":20,"column":80},"end":{"line":20,"column":97}}],"line":20},"3":{"loc":{"start":{"line":28,"column":43},"end":{"line":28,"column":99}},"type":"cond-expr","locations":[{"start":{"line":28,"column":76},"end":{"line":28,"column":80}},{"start":{"line":28,"column":83},"end":{"line":28,"column":99}}],"line":28},"4":{"loc":{"start":{"line":30,"column":4},"end":{"line":32,"column":5}},"type":"if","locations":[{"start":{"line":30,"column":4},"end":{"line":32,"column":5}},{"start":{"line":30,"column":4},"end":{"line":32,"column":5}}],"line":30},"5":{"loc":{"start":{"line":30,"column":8},"end":{"line":30,"column":52}},"type":"binary-expr","locations":[{"start":{"line":30,"column":8},"end":{"line":30,"column":39}},{"start":{"line":30,"column":43},"end":{"line":30,"column":52}}],"line":30},"6":{"loc":{"start":{"line":38,"column":63},"end":{"line":38,"column":113}},"type":"cond-expr","locations":[{"start":{"line":38,"column":94},"end":{"line":38,"column":96}},{"start":{"line":38,"column":99},"end":{"line":38,"column":113}}],"line":38}},"s":{"0":0,"1":0,"2":0,"3":0,"4":0,"5":0,"6":0,"7":0,"8":0,"9":0,"10":0,"11":0,"12":0,"13":0,"14":0,"15":0,"16":0,"17":0,"18":0,"19":0,"20":0,"21":0,"22":0,"23":0,"24":0,"25":0,"26":0,"27":0,"28":0,"29":0,"30":0,"31":0,"32":0,"33":0,"34":0,"35":0},"f":{"0":0,"1":0,"2":0,"3":0,"4":0,"5":0,"6":0},"b":{"0":[0,0],"1":[0,0],"2":[0,0],"3":[0,0],"4":[0,0],"5":[0,0],"6":[0,0]}}
,"C:\\projects\\curoo\\client\\src\\_components\\Toolbar\\styles.js": {"path":"C:\\projects\\curoo\\client\\src\\_components\\Toolbar\\styles.js","statementMap":{"0":{"start":{"line":1,"column":13},"end":{"line":1,"column":75}},"1":{"start":{"line":1,"column":90},"end":{"line":30,"column":95}},"2":{"start":{"line":1,"column":100},"end":{"line":30,"column":94}},"3":{"start":{"line":30,"column":96},"end":{"line":34,"column":7}}},"fnMap":{"0":{"name":"(anonymous_0)","decl":{"start":{"line":1,"column":90},"end":{"line":1,"column":91}},"loc":{"start":{"line":1,"column":100},"end":{"line":30,"column":94}},"line":1}},"branchMap":{},"s":{"0":0,"1":0,"2":0,"3":0},"f":{"0":0},"b":{}}
,"C:\\projects\\curoo\\client\\src\\_components\\Widget\\index.js": {"path":"C:\\projects\\curoo\\client\\src\\_components\\Widget\\index.js","statementMap":{"0":{"start":{"line":1,"column":13},"end":{"line":1,"column":75}},"1":{"start":{"line":1,"column":88},"end":{"line":1,"column":104}},"2":{"start":{"line":1,"column":119},"end":{"line":1,"column":149}},"3":{"start":{"line":2,"column":15},"end":{"line":2,"column":36}},"4":{"start":{"line":2,"column":51},"end":{"line":2,"column":84}},"5":{"start":{"line":2,"column":124},"end":{"line":2,"column":340}},"6":{"start":{"line":2,"column":152},"end":{"line":2,"column":163}},"7":{"start":{"line":2,"column":184},"end":{"line":2,"column":186}},"8":{"start":{"line":2,"column":187},"end":{"line":2,"column":304}},"9":{"start":{"line":2,"column":205},"end":{"line":2,"column":303}},"10":{"start":{"line":2,"column":227},"end":{"line":2,"column":302}},"11":{"start":{"line":2,"column":279},"end":{"line":2,"column":302}},"12":{"start":{"line":2,"column":304},"end":{"line":2,"column":325}},"13":{"start":{"line":2,"column":325},"end":{"line":2,"column":339}},"14":{"start":{"line":2,"column":379},"end":{"line":2,"column":433}},"15":{"start":{"line":2,"column":493},"end":{"line":2,"column":495}},"16":{"start":{"line":2,"column":496},"end":{"line":2,"column":631}},"17":{"start":{"line":2,"column":516},"end":{"line":2,"column":551}},"18":{"start":{"line":2,"column":542},"end":{"line":2,"column":551}},"19":{"start":{"line":2,"column":551},"end":{"line":2,"column":611}},"20":{"start":{"line":2,"column":602},"end":{"line":2,"column":611}},"21":{"start":{"line":2,"column":611},"end":{"line":2,"column":630}},"22":{"start":{"line":2,"column":631},"end":{"line":2,"column":645}},"23":{"start":{"line":4,"column":15},"end":{"line":16,"column":1}},"24":{"start":{"line":4,"column":37},"end":{"line":4,"column":46}},"25":{"start":{"line":4,"column":55},"end":{"line":4,"column":95}},"26":{"start":{"line":4,"column":107},"end":{"line":4,"column":147}},"27":{"start":{"line":6,"column":15},"end":{"line":6,"column":28}},"28":{"start":{"line":8,"column":2},"end":{"line":8,"column":25}},"29":{"start":{"line":8,"column":13},"end":{"line":8,"column":25}},"30":{"start":{"line":10,"column":2},"end":{"line":13,"column":15}},"31":{"start":{"line":16,"column":2},"end":{"line":18,"column":7}}},"fnMap":{"0":{"name":"_interopRequireWildcard","decl":{"start":{"line":2,"column":94},"end":{"line":2,"column":117}},"loc":{"start":{"line":2,"column":123},"end":{"line":2,"column":341}},"line":2},"1":{"name":"_interopRequireDefault","decl":{"start":{"line":2,"column":350},"end":{"line":2,"column":372}},"loc":{"start":{"line":2,"column":378},"end":{"line":2,"column":434}},"line":2},"2":{"name":"_objectWithoutProperties","decl":{"start":{"line":2,"column":443},"end":{"line":2,"column":467}},"loc":{"start":{"line":2,"column":479},"end":{"line":2,"column":646}},"line":2},"3":{"name":"(anonymous_3)","decl":{"start":{"line":4,"column":15},"end":{"line":4,"column":16}},"loc":{"start":{"line":4,"column":25},"end":{"line":16,"column":1}},"line":4}},"branchMap":{"0":{"loc":{"start":{"line":2,"column":124},"end":{"line":2,"column":340}},"type":"if","locations":[{"start":{"line":2,"column":124},"end":{"line":2,"column":340}},{"start":{"line":2,"column":124},"end":{"line":2,"column":340}}],"line":2},"1":{"loc":{"start":{"line":2,"column":128},"end":{"line":2,"column":149}},"type":"binary-expr","locations":[{"start":{"line":2,"column":128},"end":{"line":2,"column":131}},{"start":{"line":2,"column":135},"end":{"line":2,"column":149}}],"line":2},"2":{"loc":{"start":{"line":2,"column":187},"end":{"line":2,"column":304}},"type":"if","locations":[{"start":{"line":2,"column":187},"end":{"line":2,"column":304}},{"start":{"line":2,"column":187},"end":{"line":2,"column":304}}],"line":2},"3":{"loc":{"start":{"line":2,"column":227},"end":{"line":2,"column":302}},"type":"if","locations":[{"start":{"line":2,"column":227},"end":{"line":2,"column":302}},{"start":{"line":2,"column":227},"end":{"line":2,"column":302}}],"line":2},"4":{"loc":{"start":{"line":2,"column":386},"end":{"line":2,"column":432}},"type":"cond-expr","locations":[{"start":{"line":2,"column":410},"end":{"line":2,"column":413}},{"start":{"line":2,"column":416},"end":{"line":2,"column":432}}],"line":2},"5":{"loc":{"start":{"line":2,"column":386},"end":{"line":2,"column":407}},"type":"binary-expr","locations":[{"start":{"line":2,"column":386},"end":{"line":2,"column":389}},{"start":{"line":2,"column":393},"end":{"line":2,"column":407}}],"line":2},"6":{"loc":{"start":{"line":2,"column":516},"end":{"line":2,"column":551}},"type":"if","locations":[{"start":{"line":2,"column":516},"end":{"line":2,"column":551}},{"start":{"line":2,"column":516},"end":{"line":2,"column":551}}],"line":2},"7":{"loc":{"start":{"line":2,"column":551},"end":{"line":2,"column":611}},"type":"if","locations":[{"start":{"line":2,"column":551},"end":{"line":2,"column":611}},{"start":{"line":2,"column":551},"end":{"line":2,"column":611}}],"line":2},"8":{"loc":{"start":{"line":8,"column":2},"end":{"line":8,"column":25}},"type":"if","locations":[{"start":{"line":8,"column":2},"end":{"line":8,"column":25}},{"start":{"line":8,"column":2},"end":{"line":8,"column":25}}],"line":8}},"s":{"0":0,"1":0,"2":0,"3":0,"4":0,"5":0,"6":0,"7":0,"8":0,"9":0,"10":0,"11":0,"12":0,"13":0,"14":0,"15":0,"16":0,"17":0,"18":0,"19":0,"20":0,"21":0,"22":0,"23":0,"24":0,"25":0,"26":0,"27":0,"28":0,"29":0,"30":0,"31":0},"f":{"0":0,"1":0,"2":0,"3":0},"b":{"0":[0,0],"1":[0,0],"2":[0,0],"3":[0,0],"4":[0,0],"5":[0,0],"6":[0,0],"7":[0,0],"8":[0,0]}}
,"C:\\projects\\curoo\\client\\src\\_components\\Widgets\\index.js": {"path":"C:\\projects\\curoo\\client\\src\\_components\\Widgets\\index.js","statementMap":{"0":{"start":{"line":1,"column":13},"end":{"line":1,"column":75}},"1":{"start":{"line":1,"column":75},"end":{"line":1,"column":102}},"2":{"start":{"line":1,"column":116},"end":{"line":1,"column":135}},"3":{"start":{"line":1,"column":151},"end":{"line":1,"column":182}},"4":{"start":{"line":1,"column":221},"end":{"line":1,"column":275}},"5":{"start":{"line":1,"column":276},"end":{"line":4,"column":26}}},"fnMap":{"0":{"name":"_interopRequireDefault","decl":{"start":{"line":1,"column":192},"end":{"line":1,"column":214}},"loc":{"start":{"line":1,"column":220},"end":{"line":1,"column":276}},"line":1}},"branchMap":{"0":{"loc":{"start":{"line":1,"column":228},"end":{"line":1,"column":274}},"type":"cond-expr","locations":[{"start":{"line":1,"column":252},"end":{"line":1,"column":255}},{"start":{"line":1,"column":258},"end":{"line":1,"column":274}}],"line":1},"1":{"loc":{"start":{"line":1,"column":228},"end":{"line":1,"column":249}},"type":"binary-expr","locations":[{"start":{"line":1,"column":228},"end":{"line":1,"column":231}},{"start":{"line":1,"column":235},"end":{"line":1,"column":249}}],"line":1}},"s":{"0":0,"1":0,"2":0,"3":0,"4":0,"5":0},"f":{"0":0},"b":{"0":[0,0],"1":[0,0]}}
,"C:\\projects\\curoo\\client\\src\\_components\\Widgets\\Images\\index.js": {"path":"C:\\projects\\curoo\\client\\src\\_components\\Widgets\\Images\\index.js","statementMap":{"0":{"start":{"line":1,"column":13},"end":{"line":1,"column":75}},"1":{"start":{"line":1,"column":94},"end":{"line":1,"column":168}},"2":{"start":{"line":1,"column":182},"end":{"line":1,"column":198}},"3":{"start":{"line":1,"column":213},"end":{"line":1,"column":243}},"4":{"start":{"line":2,"column":14},"end":{"line":2,"column":49}},"5":{"start":{"line":3,"column":12},"end":{"line":3,"column":45}},"6":{"start":{"line":3,"column":59},"end":{"line":3,"column":88}},"7":{"start":{"line":4,"column":19},"end":{"line":4,"column":59}},"8":{"start":{"line":4,"column":80},"end":{"line":4,"column":116}},"9":{"start":{"line":5,"column":19},"end":{"line":5,"column":59}},"10":{"start":{"line":5,"column":80},"end":{"line":5,"column":116}},"11":{"start":{"line":6,"column":17},"end":{"line":6,"column":55}},"12":{"start":{"line":6,"column":74},"end":{"line":6,"column":108}},"13":{"start":{"line":7,"column":14},"end":{"line":7,"column":49}},"14":{"start":{"line":7,"column":65},"end":{"line":7,"column":96}},"15":{"start":{"line":8,"column":18},"end":{"line":8,"column":57}},"16":{"start":{"line":8,"column":77},"end":{"line":8,"column":112}},"17":{"start":{"line":9,"column":14},"end":{"line":9,"column":49}},"18":{"start":{"line":9,"column":65},"end":{"line":9,"column":96}},"19":{"start":{"line":10,"column":15},"end":{"line":10,"column":34}},"20":{"start":{"line":10,"column":50},"end":{"line":10,"column":82}},"21":{"start":{"line":10,"column":121},"end":{"line":10,"column":175}},"22":{"start":{"line":15,"column":4},"end":{"line":15,"column":12}},"23":{"start":{"line":16,"column":4},"end":{"line":16,"column":33}},"24":{"start":{"line":17,"column":4},"end":{"line":17,"column":53}},"25":{"start":{"line":21,"column":4},"end":{"line":21,"column":46}},"26":{"start":{"line":26,"column":4},"end":{"line":26,"column":14}},"27":{"start":{"line":26,"column":31},"end":{"line":26,"column":44}},"28":{"start":{"line":26,"column":60},"end":{"line":26,"column":108}},"29":{"start":{"line":26,"column":119},"end":{"line":26,"column":133}},"30":{"start":{"line":27,"column":4},"end":{"line":27,"column":19}},"31":{"start":{"line":27,"column":33},"end":{"line":27,"column":80}},"32":{"start":{"line":29,"column":4},"end":{"line":53,"column":123}},"33":{"start":{"line":60,"column":4},"end":{"line":63,"column":50}}},"fnMap":{"0":{"name":"_interopRequireDefault","decl":{"start":{"line":10,"column":92},"end":{"line":10,"column":114}},"loc":{"start":{"line":10,"column":120},"end":{"line":10,"column":176}},"line":10},"1":{"name":"(anonymous_1)","decl":{"start":{"line":14,"column":2},"end":{"line":14,"column":3}},"loc":{"start":{"line":14,"column":16},"end":{"line":18,"column":3}},"line":14},"2":{"name":"(anonymous_2)","decl":{"start":{"line":20,"column":2},"end":{"line":20,"column":3}},"loc":{"start":{"line":20,"column":17},"end":{"line":22,"column":3}},"line":20},"3":{"name":"(anonymous_3)","decl":{"start":{"line":24,"column":2},"end":{"line":24,"column":3}},"loc":{"start":{"line":24,"column":11},"end":{"line":60,"column":3}},"line":24}},"branchMap":{"0":{"loc":{"start":{"line":10,"column":128},"end":{"line":10,"column":174}},"type":"cond-expr","locations":[{"start":{"line":10,"column":152},"end":{"line":10,"column":155}},{"start":{"line":10,"column":158},"end":{"line":10,"column":174}}],"line":10},"1":{"loc":{"start":{"line":10,"column":128},"end":{"line":10,"column":149}},"type":"binary-expr","locations":[{"start":{"line":10,"column":128},"end":{"line":10,"column":131}},{"start":{"line":10,"column":135},"end":{"line":10,"column":149}}],"line":10},"2":{"loc":{"start":{"line":26,"column":60},"end":{"line":26,"column":108}},"type":"cond-expr","locations":[{"start":{"line":26,"column":90},"end":{"line":26,"column":92}},{"start":{"line":26,"column":95},"end":{"line":26,"column":108}}],"line":26},"3":{"loc":{"start":{"line":27,"column":33},"end":{"line":27,"column":80}},"type":"cond-expr","locations":[{"start":{"line":27,"column":61},"end":{"line":27,"column":66}},{"start":{"line":27,"column":69},"end":{"line":27,"column":80}}],"line":27}},"s":{"0":0,"1":0,"2":0,"3":0,"4":0,"5":0,"6":0,"7":0,"8":0,"9":0,"10":0,"11":0,"12":0,"13":0,"14":0,"15":0,"16":0,"17":0,"18":0,"19":0,"20":0,"21":0,"22":0,"23":0,"24":0,"25":0,"26":0,"27":0,"28":0,"29":0,"30":0,"31":0,"32":0,"33":0},"f":{"0":0,"1":0,"2":0,"3":0},"b":{"0":[0,0],"1":[0,0],"2":[0,0],"3":[0,0]}}
,"C:\\projects\\curoo\\client\\src\\_components\\Widgets\\Images\\styles.js": {"path":"C:\\projects\\curoo\\client\\src\\_components\\Widgets\\Images\\styles.js","statementMap":{"0":{"start":{"line":1,"column":13},"end":{"line":1,"column":75}},"1":{"start":{"line":1,"column":90},"end":{"line":6,"column":24}},"2":{"start":{"line":1,"column":100},"end":{"line":6,"column":23}},"3":{"start":{"line":6,"column":25},"end":{"line":10,"column":7}}},"fnMap":{"0":{"name":"(anonymous_0)","decl":{"start":{"line":1,"column":90},"end":{"line":1,"column":91}},"loc":{"start":{"line":1,"column":100},"end":{"line":6,"column":23}},"line":1}},"branchMap":{},"s":{"0":0,"1":0,"2":0,"3":0},"f":{"0":0},"b":{}}
,"C:\\projects\\curoo\\client\\src\\components\\App.js": {"path":"C:\\projects\\curoo\\client\\src\\components\\App.js","statementMap":{"0":{"start":{"line":1,"column":13},"end":{"line":1,"column":75}},"1":{"start":{"line":1,"column":94},"end":{"line":1,"column":148}},"2":{"start":{"line":1,"column":162},"end":{"line":1,"column":178}},"3":{"start":{"line":1,"column":193},"end":{"line":1,"column":223}},"4":{"start":{"line":2,"column":19},"end":{"line":2,"column":48}},"5":{"start":{"line":2,"column":69},"end":{"line":2,"column":105}},"6":{"start":{"line":3,"column":12},"end":{"line":3,"column":29}},"7":{"start":{"line":3,"column":43},"end":{"line":3,"column":72}},"8":{"start":{"line":4,"column":17},"end":{"line":4,"column":39}},"9":{"start":{"line":4,"column":58},"end":{"line":4,"column":92}},"10":{"start":{"line":4,"column":131},"end":{"line":4,"column":185}},"11":{"start":{"line":6,"column":12},"end":{"line":13,"column":1}},"12":{"start":{"line":7,"column":2},"end":{"line":10,"column":157}},"13":{"start":{"line":13,"column":2},"end":{"line":15,"column":32}}},"fnMap":{"0":{"name":"_interopRequireDefault","decl":{"start":{"line":4,"column":102},"end":{"line":4,"column":124}},"loc":{"start":{"line":4,"column":130},"end":{"line":4,"column":186}},"line":4},"1":{"name":"(anonymous_1)","decl":{"start":{"line":6,"column":12},"end":{"line":6,"column":13}},"loc":{"start":{"line":6,"column":49},"end":{"line":13,"column":1}},"line":6}},"branchMap":{"0":{"loc":{"start":{"line":4,"column":138},"end":{"line":4,"column":184}},"type":"cond-expr","locations":[{"start":{"line":4,"column":162},"end":{"line":4,"column":165}},{"start":{"line":4,"column":168},"end":{"line":4,"column":184}}],"line":4},"1":{"loc":{"start":{"line":4,"column":138},"end":{"line":4,"column":159}},"type":"binary-expr","locations":[{"start":{"line":4,"column":138},"end":{"line":4,"column":141}},{"start":{"line":4,"column":145},"end":{"line":4,"column":159}}],"line":4},"2":{"loc":{"start":{"line":6,"column":15},"end":{"line":6,"column":31}},"type":"default-arg","locations":[{"start":{"line":6,"column":27},"end":{"line":6,"column":31}}],"line":6},"3":{"loc":{"start":{"line":6,"column":33},"end":{"line":6,"column":42}},"type":"default-arg","locations":[{"start":{"line":6,"column":40},"end":{"line":6,"column":42}}],"line":6},"4":{"loc":{"start":{"line":9,"column":6},"end":{"line":9,"column":145}},"type":"binary-expr","locations":[{"start":{"line":9,"column":6},"end":{"line":9,"column":15}},{"start":{"line":9,"column":19},"end":{"line":9,"column":145}}],"line":9},"5":{"loc":{"start":{"line":10,"column":6},"end":{"line":10,"column":154}},"type":"binary-expr","locations":[{"start":{"line":10,"column":6},"end":{"line":10,"column":16}},{"start":{"line":10,"column":20},"end":{"line":10,"column":154}}],"line":10}},"s":{"0":0,"1":0,"2":0,"3":0,"4":0,"5":0,"6":0,"7":0,"8":0,"9":0,"10":0,"11":0,"12":0,"13":0},"f":{"0":0,"1":0},"b":{"0":[0,0],"1":[0,0],"2":[0],"3":[0],"4":[0,0],"5":[0,0]}}
,"C:\\projects\\curoo\\client\\src\\components\\AppContent.js": {"path":"C:\\projects\\curoo\\client\\src\\components\\AppContent.js","statementMap":{"0":{"start":{"line":1,"column":13},"end":{"line":1,"column":75}},"1":{"start":{"line":1,"column":94},"end":{"line":1,"column":155}},"2":{"start":{"line":1,"column":169},"end":{"line":1,"column":185}},"3":{"start":{"line":1,"column":200},"end":{"line":1,"column":230}},"4":{"start":{"line":2,"column":14},"end":{"line":2,"column":49}},"5":{"start":{"line":2,"column":88},"end":{"line":2,"column":142}},"6":{"start":{"line":4,"column":15},"end":{"line":11,"column":34}},"7":{"start":{"line":4,"column":25},"end":{"line":11,"column":33}},"8":{"start":{"line":14,"column":19},"end":{"line":22,"column":1}},"9":{"start":{"line":15,"column":13},"end":{"line":15,"column":27}},"10":{"start":{"line":15,"column":38},"end":{"line":15,"column":51}},"11":{"start":{"line":16,"column":2},"end":{"line":19,"column":17}},"12":{"start":{"line":22,"column":2},"end":{"line":24,"column":44}}},"fnMap":{"0":{"name":"_interopRequireDefault","decl":{"start":{"line":2,"column":59},"end":{"line":2,"column":81}},"loc":{"start":{"line":2,"column":87},"end":{"line":2,"column":143}},"line":2},"1":{"name":"(anonymous_1)","decl":{"start":{"line":4,"column":15},"end":{"line":4,"column":16}},"loc":{"start":{"line":4,"column":25},"end":{"line":11,"column":33}},"line":4},"2":{"name":"(anonymous_2)","decl":{"start":{"line":14,"column":19},"end":{"line":14,"column":20}},"loc":{"start":{"line":14,"column":28},"end":{"line":22,"column":1}},"line":14}},"branchMap":{"0":{"loc":{"start":{"line":2,"column":95},"end":{"line":2,"column":141}},"type":"cond-expr","locations":[{"start":{"line":2,"column":119},"end":{"line":2,"column":122}},{"start":{"line":2,"column":125},"end":{"line":2,"column":141}}],"line":2},"1":{"loc":{"start":{"line":2,"column":95},"end":{"line":2,"column":116}},"type":"binary-expr","locations":[{"start":{"line":2,"column":95},"end":{"line":2,"column":98}},{"start":{"line":2,"column":102},"end":{"line":2,"column":116}}],"line":2}},"s":{"0":0,"1":0,"2":0,"3":0,"4":0,"5":0,"6":0,"7":0,"8":0,"9":0,"10":0,"11":0,"12":0},"f":{"0":0,"1":0,"2":0},"b":{"0":[0,0],"1":[0,0]}}
,"C:\\projects\\curoo\\client\\src\\components\\Layout_legacy.js": {"path":"C:\\projects\\curoo\\client\\src\\components\\Layout_legacy.js","statementMap":{"0":{"start":{"line":1,"column":13},"end":{"line":1,"column":75}},"1":{"start":{"line":1,"column":94},"end":{"line":1,"column":158}},"2":{"start":{"line":1,"column":172},"end":{"line":1,"column":188}},"3":{"start":{"line":1,"column":203},"end":{"line":1,"column":233}},"4":{"start":{"line":2,"column":18},"end":{"line":2,"column":57}},"5":{"start":{"line":2,"column":77},"end":{"line":2,"column":112}},"6":{"start":{"line":3,"column":16},"end":{"line":3,"column":39}},"7":{"start":{"line":3,"column":57},"end":{"line":3,"column":90}},"8":{"start":{"line":4,"column":21},"end":{"line":4,"column":47}},"9":{"start":{"line":4,"column":70},"end":{"line":4,"column":108}},"10":{"start":{"line":4,"column":147},"end":{"line":4,"column":201}},"11":{"start":{"line":6,"column":14},"end":{"line":6,"column":43}},"12":{"start":{"line":8,"column":15},"end":{"line":56,"column":1}},"13":{"start":{"line":15,"column":2},"end":{"line":15,"column":12}},"14":{"start":{"line":15,"column":26},"end":{"line":15,"column":70}},"15":{"start":{"line":15,"column":83},"end":{"line":15,"column":98}},"16":{"start":{"line":15,"column":111},"end":{"line":15,"column":126}},"17":{"start":{"line":15,"column":142},"end":{"line":15,"column":160}},"18":{"start":{"line":16,"column":2},"end":{"line":16,"column":10}},"19":{"start":{"line":16,"column":23},"end":{"line":16,"column":63}},"20":{"start":{"line":18,"column":2},"end":{"line":52,"column":143}},"21":{"start":{"line":27,"column":65},"end":{"line":27,"column":76}},"22":{"start":{"line":28,"column":65},"end":{"line":28,"column":79}},"23":{"start":{"line":38,"column":10},"end":{"line":42,"column":17}},"24":{"start":{"line":56,"column":2},"end":{"line":58,"column":32}}},"fnMap":{"0":{"name":"_interopRequireDefault","decl":{"start":{"line":4,"column":118},"end":{"line":4,"column":140}},"loc":{"start":{"line":4,"column":146},"end":{"line":4,"column":202}},"line":4},"1":{"name":"(anonymous_1)","decl":{"start":{"line":8,"column":15},"end":{"line":8,"column":16}},"loc":{"start":{"line":8,"column":24},"end":{"line":56,"column":1}},"line":8},"2":{"name":"(anonymous_2)","decl":{"start":{"line":27,"column":59},"end":{"line":27,"column":60}},"loc":{"start":{"line":27,"column":65},"end":{"line":27,"column":76}},"line":27},"3":{"name":"(anonymous_3)","decl":{"start":{"line":28,"column":59},"end":{"line":28,"column":60}},"loc":{"start":{"line":28,"column":65},"end":{"line":28,"column":79}},"line":28},"4":{"name":"(anonymous_4)","decl":{"start":{"line":37,"column":20},"end":{"line":37,"column":21}},"loc":{"start":{"line":38,"column":10},"end":{"line":42,"column":17}},"line":38}},"branchMap":{"0":{"loc":{"start":{"line":4,"column":154},"end":{"line":4,"column":200}},"type":"cond-expr","locations":[{"start":{"line":4,"column":178},"end":{"line":4,"column":181}},{"start":{"line":4,"column":184},"end":{"line":4,"column":200}}],"line":4},"1":{"loc":{"start":{"line":4,"column":154},"end":{"line":4,"column":175}},"type":"binary-expr","locations":[{"start":{"line":4,"column":154},"end":{"line":4,"column":157}},{"start":{"line":4,"column":161},"end":{"line":4,"column":175}}],"line":4},"2":{"loc":{"start":{"line":15,"column":26},"end":{"line":15,"column":70}},"type":"cond-expr","locations":[{"start":{"line":15,"column":54},"end":{"line":15,"column":56}},{"start":{"line":15,"column":59},"end":{"line":15,"column":70}}],"line":15},"3":{"loc":{"start":{"line":16,"column":23},"end":{"line":16,"column":63}},"type":"cond-expr","locations":[{"start":{"line":16,"column":49},"end":{"line":16,"column":51}},{"start":{"line":16,"column":54},"end":{"line":16,"column":63}}],"line":16}},"s":{"0":0,"1":0,"2":0,"3":0,"4":0,"5":0,"6":0,"7":0,"8":0,"9":0,"10":0,"11":0,"12":0,"13":0,"14":0,"15":0,"16":0,"17":0,"18":0,"19":0,"20":0,"21":0,"22":0,"23":0,"24":0},"f":{"0":0,"1":0,"2":0,"3":0,"4":0},"b":{"0":[0,0],"1":[0,0],"2":[0,0],"3":[0,0]}}
,"C:\\projects\\curoo\\client\\src\\components\\TopBar.js": {"path":"C:\\projects\\curoo\\client\\src\\components\\TopBar.js","statementMap":{"0":{"start":{"line":1,"column":13},"end":{"line":1,"column":75}},"1":{"start":{"line":1,"column":94},"end":{"line":1,"column":151}},"2":{"start":{"line":1,"column":165},"end":{"line":1,"column":181}},"3":{"start":{"line":1,"column":196},"end":{"line":1,"column":226}},"4":{"start":{"line":2,"column":18},"end":{"line":2,"column":39}},"5":{"start":{"line":2,"column":59},"end":{"line":2,"column":94}},"6":{"start":{"line":3,"column":14},"end":{"line":3,"column":49}},"7":{"start":{"line":4,"column":14},"end":{"line":4,"column":49}},"8":{"start":{"line":4,"column":65},"end":{"line":4,"column":96}},"9":{"start":{"line":5,"column":14},"end":{"line":5,"column":49}},"10":{"start":{"line":5,"column":65},"end":{"line":5,"column":96}},"11":{"start":{"line":6,"column":15},"end":{"line":6,"column":51}},"12":{"start":{"line":6,"column":68},"end":{"line":6,"column":100}},"13":{"start":{"line":7,"column":12},"end":{"line":7,"column":45}},"14":{"start":{"line":7,"column":59},"end":{"line":7,"column":88}},"15":{"start":{"line":8,"column":16},"end":{"line":8,"column":53}},"16":{"start":{"line":8,"column":71},"end":{"line":8,"column":104}},"17":{"start":{"line":9,"column":18},"end":{"line":9,"column":57}},"18":{"start":{"line":9,"column":77},"end":{"line":9,"column":112}},"19":{"start":{"line":10,"column":17},"end":{"line":10,"column":55}},"20":{"start":{"line":10,"column":74},"end":{"line":10,"column":108}},"21":{"start":{"line":11,"column":15},"end":{"line":11,"column":51}},"22":{"start":{"line":11,"column":68},"end":{"line":11,"column":100}},"23":{"start":{"line":12,"column":18},"end":{"line":12,"column":57}},"24":{"start":{"line":12,"column":77},"end":{"line":12,"column":112}},"25":{"start":{"line":13,"column":12},"end":{"line":13,"column":46}},"26":{"start":{"line":13,"column":60},"end":{"line":13,"column":89}},"27":{"start":{"line":14,"column":19},"end":{"line":14,"column":60}},"28":{"start":{"line":14,"column":81},"end":{"line":14,"column":117}},"29":{"start":{"line":15,"column":20},"end":{"line":15,"column":62}},"30":{"start":{"line":15,"column":84},"end":{"line":15,"column":121}},"31":{"start":{"line":16,"column":17},"end":{"line":16,"column":56}},"32":{"start":{"line":16,"column":75},"end":{"line":16,"column":109}},"33":{"start":{"line":17,"column":19},"end":{"line":17,"column":60}},"34":{"start":{"line":17,"column":81},"end":{"line":17,"column":117}},"35":{"start":{"line":18,"column":16},"end":{"line":18,"column":53}},"36":{"start":{"line":18,"column":71},"end":{"line":18,"column":104}},"37":{"start":{"line":19,"column":20},"end":{"line":19,"column":61}},"38":{"start":{"line":19,"column":83},"end":{"line":19,"column":120}},"39":{"start":{"line":20,"column":20},"end":{"line":20,"column":61}},"40":{"start":{"line":20,"column":83},"end":{"line":20,"column":120}},"41":{"start":{"line":21,"column":22},"end":{"line":21,"column":49}},"42":{"start":{"line":21,"column":88},"end":{"line":21,"column":142}},"43":{"start":{"line":23,"column":20},"end":{"line":23,"column":23}},"44":{"start":{"line":25,"column":15},"end":{"line":30,"column":16}},"45":{"start":{"line":25,"column":25},"end":{"line":30,"column":15}},"46":{"start":{"line":38,"column":14},"end":{"line":38,"column":32}},"47":{"start":{"line":39,"column":25},"end":{"line":39,"column":198}},"48":{"start":{"line":39,"column":34},"end":{"line":39,"column":198}},"49":{"start":{"line":41,"column":4},"end":{"line":52,"column":144}},"50":{"start":{"line":58,"column":4},"end":{"line":61,"column":40}}},"fnMap":{"0":{"name":"_interopRequireDefault","decl":{"start":{"line":21,"column":59},"end":{"line":21,"column":81}},"loc":{"start":{"line":21,"column":87},"end":{"line":21,"column":143}},"line":21},"1":{"name":"(anonymous_1)","decl":{"start":{"line":25,"column":15},"end":{"line":25,"column":16}},"loc":{"start":{"line":25,"column":25},"end":{"line":30,"column":15}},"line":25},"2":{"name":"(anonymous_2)","decl":{"start":{"line":36,"column":2},"end":{"line":36,"column":3}},"loc":{"start":{"line":36,"column":11},"end":{"line":58,"column":3}},"line":36},"3":{"name":"(anonymous_3)","decl":{"start":{"line":39,"column":25},"end":{"line":39,"column":26}},"loc":{"start":{"line":39,"column":34},"end":{"line":39,"column":198}},"line":39}},"branchMap":{"0":{"loc":{"start":{"line":21,"column":95},"end":{"line":21,"column":141}},"type":"cond-expr","locations":[{"start":{"line":21,"column":119},"end":{"line":21,"column":122}},{"start":{"line":21,"column":125},"end":{"line":21,"column":141}}],"line":21},"1":{"loc":{"start":{"line":21,"column":95},"end":{"line":21,"column":116}},"type":"binary-expr","locations":[{"start":{"line":21,"column":95},"end":{"line":21,"column":98}},{"start":{"line":21,"column":102},"end":{"line":21,"column":116}}],"line":21}},"s":{"0":0,"1":0,"2":0,"3":0,"4":0,"5":0,"6":0,"7":0,"8":0,"9":0,"10":0,"11":0,"12":0,"13":0,"14":0,"15":0,"16":0,"17":0,"18":0,"19":0,"20":0,"21":0,"22":0,"23":0,"24":0,"25":0,"26":0,"27":0,"28":0,"29":0,"30":0,"31":0,"32":0,"33":0,"34":0,"35":0,"36":0,"37":0,"38":0,"39":0,"40":0,"41":0,"42":0,"43":0,"44":0,"45":0,"46":0,"47":0,"48":0,"49":0,"50":0},"f":{"0":0,"1":0,"2":0,"3":0},"b":{"0":[0,0],"1":[0,0]}}
,"C:\\projects\\curoo\\client\\src\\components\\Layout\\index.js": {"path":"C:\\projects\\curoo\\client\\src\\components\\Layout\\index.js","statementMap":{"0":{"start":{"line":1,"column":13},"end":{"line":1,"column":75}},"1":{"start":{"line":1,"column":94},"end":{"line":1,"column":158}},"2":{"start":{"line":1,"column":172},"end":{"line":1,"column":188}},"3":{"start":{"line":1,"column":203},"end":{"line":1,"column":233}},"4":{"start":{"line":2,"column":20},"end":{"line":2,"column":56}},"5":{"start":{"line":2,"column":78},"end":{"line":2,"column":115}},"6":{"start":{"line":3,"column":0},"end":{"line":3,"column":24}},"7":{"start":{"line":3,"column":62},"end":{"line":3,"column":116}},"8":{"start":{"line":5,"column":15},"end":{"line":17,"column":1}},"9":{"start":{"line":7,"column":2},"end":{"line":12,"column":142}},"10":{"start":{"line":17,"column":2},"end":{"line":19,"column":7}}},"fnMap":{"0":{"name":"_interopRequireDefault","decl":{"start":{"line":3,"column":33},"end":{"line":3,"column":55}},"loc":{"start":{"line":3,"column":61},"end":{"line":3,"column":117}},"line":3},"1":{"name":"(anonymous_1)","decl":{"start":{"line":5,"column":15},"end":{"line":5,"column":16}},"loc":{"start":{"line":5,"column":24},"end":{"line":17,"column":1}},"line":5}},"branchMap":{"0":{"loc":{"start":{"line":3,"column":69},"end":{"line":3,"column":115}},"type":"cond-expr","locations":[{"start":{"line":3,"column":93},"end":{"line":3,"column":96}},{"start":{"line":3,"column":99},"end":{"line":3,"column":115}}],"line":3},"1":{"loc":{"start":{"line":3,"column":69},"end":{"line":3,"column":90}},"type":"binary-expr","locations":[{"start":{"line":3,"column":69},"end":{"line":3,"column":72}},{"start":{"line":3,"column":76},"end":{"line":3,"column":90}}],"line":3}},"s":{"0":0,"1":0,"2":0,"3":0,"4":0,"5":0,"6":0,"7":0,"8":0,"9":0,"10":0},"f":{"0":0,"1":0},"b":{"0":[0,0],"1":[0,0]}}
,"C:\\projects\\curoo\\client\\src\\components\\Layout\\components\\Competencies\\Form.js": {"path":"C:\\projects\\curoo\\client\\src\\components\\Layout\\components\\Competencies\\Form.js","statementMap":{"0":{"start":{"line":1,"column":13},"end":{"line":1,"column":75}},"1":{"start":{"line":1,"column":94},"end":{"line":1,"column":183}},"2":{"start":{"line":1,"column":197},"end":{"line":1,"column":213}},"3":{"start":{"line":1,"column":228},"end":{"line":1,"column":258}},"4":{"start":{"line":2,"column":12},"end":{"line":2,"column":40}},"5":{"start":{"line":8,"column":13},"end":{"line":8,"column":42}},"6":{"start":{"line":13,"column":11},"end":{"line":13,"column":25}},"7":{"start":{"line":13,"column":64},"end":{"line":13,"column":118}},"8":{"start":{"line":15,"column":15},"end":{"line":26,"column":21}},"9":{"start":{"line":15,"column":25},"end":{"line":26,"column":20}},"10":{"start":{"line":37,"column":4},"end":{"line":37,"column":12}},"11":{"start":{"line":37,"column":12},"end":{"line":37,"column":66}},"12":{"start":{"line":38,"column":4},"end":{"line":38,"column":47}},"13":{"start":{"line":39,"column":4},"end":{"line":39,"column":49}},"14":{"start":{"line":43,"column":4},"end":{"line":43,"column":21}},"15":{"start":{"line":43,"column":37},"end":{"line":43,"column":85}},"16":{"start":{"line":44,"column":4},"end":{"line":44,"column":20}},"17":{"start":{"line":45,"column":4},"end":{"line":45,"column":30}},"18":{"start":{"line":49,"column":4},"end":{"line":49,"column":21}},"19":{"start":{"line":49,"column":37},"end":{"line":49,"column":87}},"20":{"start":{"line":50,"column":4},"end":{"line":51,"column":57}},"21":{"start":{"line":51,"column":37},"end":{"line":51,"column":52}},"22":{"start":{"line":56,"column":21},"end":{"line":56,"column":44}},"23":{"start":{"line":57,"column":18},"end":{"line":57,"column":39}},"24":{"start":{"line":58,"column":4},"end":{"line":58,"column":21}},"25":{"start":{"line":58,"column":37},"end":{"line":58,"column":87}},"26":{"start":{"line":59,"column":19},"end":{"line":61,"column":14}},"27":{"start":{"line":63,"column":4},"end":{"line":63,"column":37}},"28":{"start":{"line":68,"column":4},"end":{"line":68,"column":21}},"29":{"start":{"line":68,"column":37},"end":{"line":68,"column":87}},"30":{"start":{"line":70,"column":4},"end":{"line":111,"column":140}},"31":{"start":{"line":71,"column":57},"end":{"line":71,"column":71}},"32":{"start":{"line":84,"column":8},"end":{"line":96,"column":130}},"33":{"start":{"line":94,"column":29},"end":{"line":94,"column":53}},"34":{"start":{"line":115,"column":4},"end":{"line":119,"column":33}}},"fnMap":{"0":{"name":"_interopRequireDefault","decl":{"start":{"line":13,"column":35},"end":{"line":13,"column":57}},"loc":{"start":{"line":13,"column":63},"end":{"line":13,"column":119}},"line":13},"1":{"name":"(anonymous_1)","decl":{"start":{"line":15,"column":15},"end":{"line":15,"column":16}},"loc":{"start":{"line":15,"column":25},"end":{"line":26,"column":20}},"line":15},"2":{"name":"(anonymous_2)","decl":{"start":{"line":36,"column":2},"end":{"line":36,"column":3}},"loc":{"start":{"line":36,"column":16},"end":{"line":40,"column":3}},"line":36},"3":{"name":"(anonymous_3)","decl":{"start":{"line":42,"column":2},"end":{"line":42,"column":3}},"loc":{"start":{"line":42,"column":14},"end":{"line":46,"column":3}},"line":42},"4":{"name":"(anonymous_4)","decl":{"start":{"line":48,"column":2},"end":{"line":48,"column":3}},"loc":{"start":{"line":48,"column":22},"end":{"line":53,"column":3}},"line":48},"5":{"name":"(anonymous_5)","decl":{"start":{"line":51,"column":28},"end":{"line":51,"column":29}},"loc":{"start":{"line":51,"column":37},"end":{"line":51,"column":52}},"line":51},"6":{"name":"(anonymous_6)","decl":{"start":{"line":55,"column":2},"end":{"line":55,"column":3}},"loc":{"start":{"line":55,"column":15},"end":{"line":64,"column":3}},"line":55},"7":{"name":"(anonymous_7)","decl":{"start":{"line":66,"column":2},"end":{"line":66,"column":3}},"loc":{"start":{"line":66,"column":11},"end":{"line":115,"column":3}},"line":66},"8":{"name":"(anonymous_8)","decl":{"start":{"line":71,"column":51},"end":{"line":71,"column":52}},"loc":{"start":{"line":71,"column":57},"end":{"line":71,"column":71}},"line":71},"9":{"name":"(anonymous_9)","decl":{"start":{"line":83,"column":19},"end":{"line":83,"column":20}},"loc":{"start":{"line":84,"column":8},"end":{"line":96,"column":130}},"line":84},"10":{"name":"(anonymous_10)","decl":{"start":{"line":94,"column":23},"end":{"line":94,"column":24}},"loc":{"start":{"line":94,"column":29},"end":{"line":94,"column":53}},"line":94}},"branchMap":{"0":{"loc":{"start":{"line":13,"column":71},"end":{"line":13,"column":117}},"type":"cond-expr","locations":[{"start":{"line":13,"column":95},"end":{"line":13,"column":98}},{"start":{"line":13,"column":101},"end":{"line":13,"column":117}}],"line":13},"1":{"loc":{"start":{"line":13,"column":71},"end":{"line":13,"column":92}},"type":"binary-expr","locations":[{"start":{"line":13,"column":71},"end":{"line":13,"column":74}},{"start":{"line":13,"column":78},"end":{"line":13,"column":92}}],"line":13},"2":{"loc":{"start":{"line":43,"column":37},"end":{"line":43,"column":85}},"type":"cond-expr","locations":[{"start":{"line":43,"column":67},"end":{"line":43,"column":69}},{"start":{"line":43,"column":72},"end":{"line":43,"column":85}}],"line":43},"3":{"loc":{"start":{"line":49,"column":37},"end":{"line":49,"column":87}},"type":"cond-expr","locations":[{"start":{"line":49,"column":68},"end":{"line":49,"column":70}},{"start":{"line":49,"column":73},"end":{"line":49,"column":87}}],"line":49},"4":{"loc":{"start":{"line":58,"column":37},"end":{"line":58,"column":87}},"type":"cond-expr","locations":[{"start":{"line":58,"column":68},"end":{"line":58,"column":70}},{"start":{"line":58,"column":73},"end":{"line":58,"column":87}}],"line":58},"5":{"loc":{"start":{"line":68,"column":37},"end":{"line":68,"column":87}},"type":"cond-expr","locations":[{"start":{"line":68,"column":68},"end":{"line":68,"column":70}},{"start":{"line":68,"column":73},"end":{"line":68,"column":87}}],"line":68}},"s":{"0":0,"1":0,"2":0,"3":0,"4":0,"5":0,"6":0,"7":0,"8":0,"9":0,"10":0,"11":0,"12":0,"13":0,"14":0,"15":0,"16":0,"17":0,"18":0,"19":0,"20":0,"21":0,"22":0,"23":0,"24":0,"25":0,"26":0,"27":0,"28":0,"29":0,"30":0,"31":0,"32":0,"33":0,"34":0},"f":{"0":0,"1":0,"2":0,"3":0,"4":0,"5":0,"6":0,"7":0,"8":0,"9":0,"10":0},"b":{"0":[0,0],"1":[0,0],"2":[0,0],"3":[0,0],"4":[0,0],"5":[0,0]}}
,"C:\\projects\\curoo\\client\\src\\components\\Layout\\components\\Competencies\\index.js": {"path":"C:\\projects\\curoo\\client\\src\\components\\Layout\\components\\Competencies\\index.js","statementMap":{"0":{"start":{"line":1,"column":13},"end":{"line":1,"column":75}},"1":{"start":{"line":1,"column":94},"end":{"line":1,"column":184}},"2":{"start":{"line":1,"column":198},"end":{"line":1,"column":214}},"3":{"start":{"line":1,"column":229},"end":{"line":1,"column":259}},"4":{"start":{"line":2,"column":11},"end":{"line":2,"column":25}},"5":{"start":{"line":3,"column":12},"end":{"line":3,"column":29}},"6":{"start":{"line":3,"column":43},"end":{"line":3,"column":72}},"7":{"start":{"line":3,"column":111},"end":{"line":3,"column":165}},"8":{"start":{"line":12,"column":4},"end":{"line":12,"column":12}},"9":{"start":{"line":12,"column":12},"end":{"line":12,"column":43}},"10":{"start":{"line":13,"column":4},"end":{"line":13,"column":67}},"11":{"start":{"line":17,"column":4},"end":{"line":17,"column":36}},"12":{"start":{"line":22,"column":13},"end":{"line":22,"column":30}},"13":{"start":{"line":24,"column":4},"end":{"line":31,"column":138}},"14":{"start":{"line":34,"column":4},"end":{"line":38,"column":41}}},"fnMap":{"0":{"name":"_interopRequireDefault","decl":{"start":{"line":3,"column":82},"end":{"line":3,"column":104}},"loc":{"start":{"line":3,"column":110},"end":{"line":3,"column":166}},"line":3},"1":{"name":"(anonymous_1)","decl":{"start":{"line":11,"column":2},"end":{"line":11,"column":3}},"loc":{"start":{"line":11,"column":16},"end":{"line":14,"column":3}},"line":11},"2":{"name":"(anonymous_2)","decl":{"start":{"line":16,"column":2},"end":{"line":16,"column":3}},"loc":{"start":{"line":16,"column":24},"end":{"line":18,"column":3}},"line":16},"3":{"name":"(anonymous_3)","decl":{"start":{"line":20,"column":2},"end":{"line":20,"column":3}},"loc":{"start":{"line":20,"column":11},"end":{"line":34,"column":3}},"line":20}},"branchMap":{"0":{"loc":{"start":{"line":3,"column":118},"end":{"line":3,"column":164}},"type":"cond-expr","locations":[{"start":{"line":3,"column":142},"end":{"line":3,"column":145}},{"start":{"line":3,"column":148},"end":{"line":3,"column":164}}],"line":3},"1":{"loc":{"start":{"line":3,"column":118},"end":{"line":3,"column":139}},"type":"binary-expr","locations":[{"start":{"line":3,"column":118},"end":{"line":3,"column":121}},{"start":{"line":3,"column":125},"end":{"line":3,"column":139}}],"line":3},"2":{"loc":{"start":{"line":26,"column":8},"end":{"line":27,"column":172}},"type":"binary-expr","locations":[{"start":{"line":26,"column":8},"end":{"line":26,"column":15}},{"start":{"line":27,"column":8},"end":{"line":27,"column":172}}],"line":26},"3":{"loc":{"start":{"line":31,"column":8},"end":{"line":31,"column":135}},"type":"binary-expr","locations":[{"start":{"line":31,"column":8},"end":{"line":31,"column":14}},{"start":{"line":31,"column":18},"end":{"line":31,"column":135}}],"line":31}},"s":{"0":0,"1":0,"2":0,"3":0,"4":0,"5":0,"6":0,"7":0,"8":0,"9":0,"10":0,"11":0,"12":0,"13":0,"14":0},"f":{"0":0,"1":0,"2":0,"3":0},"b":{"0":[0,0],"1":[0,0],"2":[0,0],"3":[0,0]}}
,"C:\\projects\\curoo\\client\\src\\components\\LayoutPreview\\ColumnHeader.js": {"path":"C:\\projects\\curoo\\client\\src\\components\\LayoutPreview\\ColumnHeader.js","statementMap":{"0":{"start":{"line":1,"column":13},"end":{"line":1,"column":75}},"1":{"start":{"line":1,"column":94},"end":{"line":1,"column":172}},"2":{"start":{"line":1,"column":186},"end":{"line":1,"column":202}},"3":{"start":{"line":1,"column":217},"end":{"line":1,"column":247}},"4":{"start":{"line":2,"column":12},"end":{"line":2,"column":40}},"5":{"start":{"line":3,"column":13},"end":{"line":3,"column":42}},"6":{"start":{"line":4,"column":16},"end":{"line":4,"column":39}},"7":{"start":{"line":4,"column":57},"end":{"line":4,"column":90}},"8":{"start":{"line":4,"column":129},"end":{"line":4,"column":183}},"9":{"start":{"line":10,"column":4},"end":{"line":10,"column":14}},"10":{"start":{"line":10,"column":30},"end":{"line":10,"column":43}},"11":{"start":{"line":10,"column":52},"end":{"line":10,"column":64}},"12":{"start":{"line":10,"column":80},"end":{"line":10,"column":99}},"13":{"start":{"line":11,"column":9},"end":{"line":11,"column":18}},"14":{"start":{"line":11,"column":26},"end":{"line":11,"column":37}},"15":{"start":{"line":11,"column":46},"end":{"line":11,"column":58}},"16":{"start":{"line":13,"column":4},"end":{"line":25,"column":133}},"17":{"start":{"line":24,"column":75},"end":{"line":24,"column":91}},"18":{"start":{"line":31,"column":4},"end":{"line":35,"column":38}}},"fnMap":{"0":{"name":"_interopRequireDefault","decl":{"start":{"line":4,"column":100},"end":{"line":4,"column":122}},"loc":{"start":{"line":4,"column":128},"end":{"line":4,"column":184}},"line":4},"1":{"name":"(anonymous_1)","decl":{"start":{"line":8,"column":2},"end":{"line":8,"column":3}},"loc":{"start":{"line":8,"column":11},"end":{"line":31,"column":3}},"line":8},"2":{"name":"(anonymous_2)","decl":{"start":{"line":24,"column":69},"end":{"line":24,"column":70}},"loc":{"start":{"line":24,"column":75},"end":{"line":24,"column":91}},"line":24}},"branchMap":{"0":{"loc":{"start":{"line":4,"column":136},"end":{"line":4,"column":182}},"type":"cond-expr","locations":[{"start":{"line":4,"column":160},"end":{"line":4,"column":163}},{"start":{"line":4,"column":166},"end":{"line":4,"column":182}}],"line":4},"1":{"loc":{"start":{"line":4,"column":136},"end":{"line":4,"column":157}},"type":"binary-expr","locations":[{"start":{"line":4,"column":136},"end":{"line":4,"column":139}},{"start":{"line":4,"column":143},"end":{"line":4,"column":157}}],"line":4},"2":{"loc":{"start":{"line":17,"column":12},"end":{"line":17,"column":58}},"type":"cond-expr","locations":[{"start":{"line":17,"column":30},"end":{"line":17,"column":34}},{"start":{"line":17,"column":37},"end":{"line":17,"column":58}}],"line":17}},"s":{"0":0,"1":0,"2":0,"3":0,"4":0,"5":0,"6":0,"7":0,"8":0,"9":0,"10":0,"11":0,"12":0,"13":0,"14":0,"15":0,"16":0,"17":0,"18":0},"f":{"0":0,"1":0,"2":0},"b":{"0":[0,0],"1":[0,0],"2":[0,0]}}
,"C:\\projects\\curoo\\client\\src\\components\\LayoutPreview\\RowHeader.js": {"path":"C:\\projects\\curoo\\client\\src\\components\\LayoutPreview\\RowHeader.js","statementMap":{"0":{"start":{"line":1,"column":13},"end":{"line":1,"column":75}},"1":{"start":{"line":1,"column":94},"end":{"line":1,"column":169}},"2":{"start":{"line":1,"column":183},"end":{"line":1,"column":199}},"3":{"start":{"line":1,"column":214},"end":{"line":1,"column":244}},"4":{"start":{"line":2,"column":12},"end":{"line":2,"column":40}},"5":{"start":{"line":3,"column":13},"end":{"line":3,"column":42}},"6":{"start":{"line":4,"column":16},"end":{"line":4,"column":39}},"7":{"start":{"line":4,"column":57},"end":{"line":4,"column":90}},"8":{"start":{"line":4,"column":129},"end":{"line":4,"column":183}},"9":{"start":{"line":10,"column":4},"end":{"line":10,"column":14}},"10":{"start":{"line":10,"column":27},"end":{"line":10,"column":37}},"11":{"start":{"line":10,"column":46},"end":{"line":10,"column":58}},"12":{"start":{"line":10,"column":71},"end":{"line":10,"column":87}},"13":{"start":{"line":11,"column":9},"end":{"line":11,"column":15}},"14":{"start":{"line":11,"column":23},"end":{"line":11,"column":31}},"15":{"start":{"line":11,"column":41},"end":{"line":11,"column":51}},"16":{"start":{"line":13,"column":4},"end":{"line":25,"column":133}},"17":{"start":{"line":24,"column":75},"end":{"line":24,"column":88}},"18":{"start":{"line":31,"column":4},"end":{"line":35,"column":35}}},"fnMap":{"0":{"name":"_interopRequireDefault","decl":{"start":{"line":4,"column":100},"end":{"line":4,"column":122}},"loc":{"start":{"line":4,"column":128},"end":{"line":4,"column":184}},"line":4},"1":{"name":"(anonymous_1)","decl":{"start":{"line":8,"column":2},"end":{"line":8,"column":3}},"loc":{"start":{"line":8,"column":11},"end":{"line":31,"column":3}},"line":8},"2":{"name":"(anonymous_2)","decl":{"start":{"line":24,"column":69},"end":{"line":24,"column":70}},"loc":{"start":{"line":24,"column":75},"end":{"line":24,"column":88}},"line":24}},"branchMap":{"0":{"loc":{"start":{"line":4,"column":136},"end":{"line":4,"column":182}},"type":"cond-expr","locations":[{"start":{"line":4,"column":160},"end":{"line":4,"column":163}},{"start":{"line":4,"column":166},"end":{"line":4,"column":182}}],"line":4},"1":{"loc":{"start":{"line":4,"column":136},"end":{"line":4,"column":157}},"type":"binary-expr","locations":[{"start":{"line":4,"column":136},"end":{"line":4,"column":139}},{"start":{"line":4,"column":143},"end":{"line":4,"column":157}}],"line":4},"2":{"loc":{"start":{"line":17,"column":12},"end":{"line":17,"column":55}},"type":"cond-expr","locations":[{"start":{"line":17,"column":30},"end":{"line":17,"column":34}},{"start":{"line":17,"column":37},"end":{"line":17,"column":55}}],"line":17}},"s":{"0":0,"1":0,"2":0,"3":0,"4":0,"5":0,"6":0,"7":0,"8":0,"9":0,"10":0,"11":0,"12":0,"13":0,"14":0,"15":0,"16":0,"17":0,"18":0},"f":{"0":0,"1":0,"2":0},"b":{"0":[0,0],"1":[0,0],"2":[0,0]}}
,"C:\\projects\\curoo\\client\\src\\components\\LayoutPreview\\RowItems.js": {"path":"C:\\projects\\curoo\\client\\src\\components\\LayoutPreview\\RowItems.js","statementMap":{"0":{"start":{"line":1,"column":13},"end":{"line":1,"column":75}},"1":{"start":{"line":1,"column":94},"end":{"line":1,"column":168}},"2":{"start":{"line":1,"column":182},"end":{"line":1,"column":198}},"3":{"start":{"line":1,"column":213},"end":{"line":1,"column":243}},"4":{"start":{"line":2,"column":17},"end":{"line":2,"column":39}},"5":{"start":{"line":2,"column":58},"end":{"line":2,"column":92}},"6":{"start":{"line":2,"column":131},"end":{"line":2,"column":185}},"7":{"start":{"line":4,"column":17},"end":{"line":21,"column":1}},"8":{"start":{"line":5,"column":2},"end":{"line":16,"column":185}},"9":{"start":{"line":12,"column":6},"end":{"line":16,"column":181}},"10":{"start":{"line":21,"column":2},"end":{"line":24,"column":9}}},"fnMap":{"0":{"name":"_interopRequireDefault","decl":{"start":{"line":2,"column":102},"end":{"line":2,"column":124}},"loc":{"start":{"line":2,"column":130},"end":{"line":2,"column":186}},"line":2},"1":{"name":"(anonymous_1)","decl":{"start":{"line":4,"column":17},"end":{"line":4,"column":18}},"loc":{"start":{"line":4,"column":60},"end":{"line":21,"column":1}},"line":4},"2":{"name":"(anonymous_2)","decl":{"start":{"line":11,"column":22},"end":{"line":11,"column":23}},"loc":{"start":{"line":12,"column":6},"end":{"line":16,"column":181}},"line":12}},"branchMap":{"0":{"loc":{"start":{"line":2,"column":138},"end":{"line":2,"column":184}},"type":"cond-expr","locations":[{"start":{"line":2,"column":162},"end":{"line":2,"column":165}},{"start":{"line":2,"column":168},"end":{"line":2,"column":184}}],"line":2},"1":{"loc":{"start":{"line":2,"column":138},"end":{"line":2,"column":159}},"type":"binary-expr","locations":[{"start":{"line":2,"column":138},"end":{"line":2,"column":141}},{"start":{"line":2,"column":145},"end":{"line":2,"column":159}}],"line":2}},"s":{"0":0,"1":0,"2":0,"3":0,"4":0,"5":0,"6":0,"7":0,"8":0,"9":0,"10":0},"f":{"0":0,"1":0,"2":0},"b":{"0":[0,0],"1":[0,0]}}
[...]
n":55}},"loc":{"start":{"line":57,"column":76},"end":{"line":63,"column":1}},"line":57},"9":{"name":"(anonymous_9)","decl":{"start":{"line":65,"column":58},"end":{"line":65,"column":59}},"loc":{"start":{"line":65,"column":66},"end":{"line":70,"column":1}},"line":65},"10":{"name":"(anonymous_10)","decl":{"start":{"line":92,"column":0},"end":{"line":92,"column":1}},"loc":{"start":{"line":92,"column":34},"end":{"line":185,"column":1}},"line":92},"11":{"name":"(anonymous_11)","decl":{"start":{"line":131,"column":52},"end":{"line":131,"column":53}},"loc":{"start":{"line":131,"column":61},"end":{"line":131,"column":80}},"line":131},"12":{"name":"(anonymous_12)","decl":{"start":{"line":161,"column":58},"end":{"line":161,"column":59}},"loc":{"start":{"line":161,"column":70},"end":{"line":161,"column":92}},"line":161},"13":{"name":"(anonymous_13)","decl":{"start":{"line":180,"column":46},"end":{"line":180,"column":47}},"loc":{"start":{"line":180,"column":54},"end":{"line":180,"column":74}},"line":180}},"branchMap":{"0":{"loc":{"start":{"line":1,"column":431},"end":{"line":1,"column":477}},"type":"cond-expr","locations":[{"start":{"line":1,"column":455},"end":{"line":1,"column":458}},{"start":{"line":1,"column":461},"end":{"line":1,"column":477}}],"line":1},"1":{"loc":{"start":{"line":1,"column":431},"end":{"line":1,"column":452}},"type":"binary-expr","locations":[{"start":{"line":1,"column":431},"end":{"line":1,"column":434}},{"start":{"line":1,"column":438},"end":{"line":1,"column":452}}],"line":1},"2":{"loc":{"start":{"line":1,"column":561},"end":{"line":1,"column":596}},"type":"if","locations":[{"start":{"line":1,"column":561},"end":{"line":1,"column":596}},{"start":{"line":1,"column":561},"end":{"line":1,"column":596}}],"line":1},"3":{"loc":{"start":{"line":1,"column":596},"end":{"line":1,"column":656}},"type":"if","locations":[{"start":{"line":1,"column":596},"end":{"line":1,"column":656}},{"start":{"line":1,"column":596},"end":{"line":1,"column":656}}],"line":1},"4":{"loc":{"start":{"line":20,"column":47},"end":{"line":20,"column":61}},"type":"default-arg","locations":[{"start":{"line":20,"column":56},"end":{"line":20,"column":61}}],"line":20},"5":{"loc":{"start":{"line":20,"column":63},"end":{"line":20,"column":72}},"type":"default-arg","locations":[{"start":{"line":20,"column":70},"end":{"line":20,"column":72}}],"line":20},"6":{"loc":{"start":{"line":35,"column":53},"end":{"line":35,"column":66}},"type":"default-arg","locations":[{"start":{"line":35,"column":61},"end":{"line":35,"column":66}}],"line":35},"7":{"loc":{"start":{"line":35,"column":68},"end":{"line":35,"column":77}},"type":"default-arg","locations":[{"start":{"line":35,"column":75},"end":{"line":35,"column":77}}],"line":35},"8":{"loc":{"start":{"line":92,"column":1},"end":{"line":92,"column":21}},"type":"default-arg","locations":[{"start":{"line":92,"column":9},"end":{"line":92,"column":21}}],"line":92},"9":{"loc":{"start":{"line":93,"column":2},"end":{"line":183,"column":26}},"type":"switch","locations":[{"start":{"line":94,"column":4},"end":{"line":99,"column":72}},{"start":{"line":102,"column":4},"end":{"line":118,"column":23}},{"start":{"line":122,"column":4},"end":{"line":131,"column":88}},{"start":{"line":134,"column":4},"end":{"line":150,"column":26}},{"start":{"line":154,"column":4},"end":{"line":161,"column":100}},{"start":{"line":164,"column":4},"end":{"line":171,"column":29}},{"start":{"line":175,"column":4},"end":{"line":180,"column":82}},{"start":{"line":183,"column":4},"end":{"line":183,"column":25}}],"line":93},"10":{"loc":{"start":{"line":98,"column":15},"end":{"line":98,"column":54}},"type":"cond-expr","locations":[{"start":{"line":98,"column":28},"end":{"line":98,"column":38}},{"start":{"line":98,"column":41},"end":{"line":98,"column":54}}],"line":98},"11":{"loc":{"start":{"line":99,"column":18},"end":{"line":99,"column":66}},"type":"cond-expr","locations":[{"start":{"line":99,"column":34},"end":{"line":99,"column":47}},{"start":{"line":99,"column":50},"end":{"line":99,"column":66}}],"line":99}},"s":{"0":0,"1":0,"2":0,"3":0,"4":0,"5":0,"6":0,"7":0,"8":0,"9":0,"10":0,"11":0,"12":0,"13":0,"14":0,"15":0,"16":0,"17":0,"18":0,"19":0,"20":0,"21":0,"22":0,"23":0,"24":0,"25":0,"26":0,"27":0,"28":0,"29":0,"30":0,"31":0,"32":0,"33":0,"34":0,"35":0,"36":0,"37":0,"38":0,"39":0,"40":0,"41":0,"42":0,"43":0,"44":0,"45":0,"46":0,"47":0,"48":0,"49":0,"50":0,"51":0,"52":0,"53":0,"54":0,"55":0,"56":0,"57":0,"58":0},"f":{"0":0,"1":0,"2":0,"3":0,"4":0,"5":0,"6":0,"7":0,"8":0,"9":0,"10":0,"11":0,"12":0,"13":0},"b":{"0":[0,0],"1":[0,0],"2":[0,0],"3":[0,0],"4":[0],"5":[0],"6":[0],"7":[0],"8":[0],"9":[0,0,0,0,0,0,0,0],"10":[0,0],"11":[0,0]}}
,"C:\\projects\\curoo\\client\\src\\reducers\\index.js": {"path":"C:\\projects\\curoo\\client\\src\\reducers\\index.js","statementMap":{"0":{"start":{"line":1,"column":13},"end":{"line":1,"column":75}},"1":{"start":{"line":1,"column":88},"end":{"line":1,"column":104}},"2":{"start":{"line":2,"column":13},"end":{"line":2,"column":31}},"3":{"start":{"line":2,"column":46},"end":{"line":2,"column":76}},"4":{"start":{"line":3,"column":20},"end":{"line":3,"column":45}},"5":{"start":{"line":3,"column":67},"end":{"line":3,"column":104}},"6":{"start":{"line":4,"column":18},"end":{"line":4,"column":41}},"7":{"start":{"line":4,"column":61},"end":{"line":4,"column":96}},"8":{"start":{"line":5,"column":15},"end":{"line":5,"column":35}},"9":{"start":{"line":5,"column":52},"end":{"line":5,"column":84}},"10":{"start":{"line":6,"column":12},"end":{"line":6,"column":29}},"11":{"start":{"line":6,"column":43},"end":{"line":6,"column":72}},"12":{"start":{"line":7,"column":15},"end":{"line":7,"column":35}},"13":{"start":{"line":7,"column":52},"end":{"line":7,"column":84}},"14":{"start":{"line":8,"column":16},"end":{"line":8,"column":37}},"15":{"start":{"line":8,"column":55},"end":{"line":8,"column":88}},"16":{"start":{"line":9,"column":14},"end":{"line":9,"column":33}},"17":{"start":{"line":9,"column":49},"end":{"line":9,"column":80}},"18":{"start":{"line":9,"column":119},"end":{"line":9,"column":173}},"19":{"start":{"line":9,"column":174},"end":{"line":18,"column":30}}},"fnMap":{"0":{"name":"_interopRequireDefault","decl":{"start":{"line":9,"column":90},"end":{"line":9,"column":112}},"loc":{"start":{"line":9,"column":118},"end":{"line":9,"column":174}},"line":9}},"branchMap":{"0":{"loc":{"start":{"line":9,"column":126},"end":{"line":9,"column":172}},"type":"cond-expr","locations":[{"start":{"line":9,"column":150},"end":{"line":9,"column":153}},{"start":{"line":9,"column":156},"end":{"line":9,"column":172}}],"line":9},"1":{"loc":{"start":{"line":9,"column":126},"end":{"line":9,"column":147}},"type":"binary-expr","locations":[{"start":{"line":9,"column":126},"end":{"line":9,"column":129}},{"start":{"line":9,"column":133},"end":{"line":9,"column":147}}],"line":9}},"s":{"0":0,"1":0,"2":0,"3":0,"4":0,"5":0,"6":0,"7":0,"8":0,"9":0,"10":0,"11":0,"12":0,"13":0,"14":0,"15":0,"16":0,"17":0,"18":0,"19":0},"f":{"0":0},"b":{"0":[0,0],"1":[0,0]}}
,"C:\\projects\\curoo\\client\\src\\reducers\\payload.js": {"path":"C:\\projects\\curoo\\client\\src\\reducers\\payload.js","statementMap":{"0":{"start":{"line":1,"column":13},"end":{"line":1,"column":75}},"1":{"start":{"line":1,"column":95},"end":{"line":1,"column":116}},"2":{"start":{"line":3,"column":23},"end":{"line":8,"column":1}},"3":{"start":{"line":4,"column":2},"end":{"line":6,"column":14}},"4":{"start":{"line":8,"column":2},"end":{"line":14,"column":2}},"5":{"start":{"line":11,"column":2},"end":{"line":12,"column":26}},"6":{"start":{"line":12,"column":12},"end":{"line":12,"column":25}}},"fnMap":{"0":{"name":"(anonymous_0)","decl":{"start":{"line":3,"column":48},"end":{"line":3,"column":49}},"loc":{"start":{"line":3,"column":59},"end":{"line":8,"column":1}},"line":3},"1":{"name":"(anonymous_1)","decl":{"start":{"line":10,"column":0},"end":{"line":10,"column":1}},"loc":{"start":{"line":10,"column":24},"end":{"line":14,"column":1}},"line":10}},"branchMap":{"0":{"loc":{"start":{"line":10,"column":1},"end":{"line":10,"column":11}},"type":"default-arg","locations":[{"start":{"line":10,"column":9},"end":{"line":10,"column":11}}],"line":10},"1":{"loc":{"start":{"line":11,"column":2},"end":{"line":12,"column":26}},"type":"switch","locations":[{"start":{"line":12,"column":4},"end":{"line":12,"column":25}}],"line":11}},"s":{"0":0,"1":0,"2":0,"3":0,"4":0,"5":0,"6":0},"f":{"0":0,"1":0},"b":{"0":[0],"1":[0]}}
,"C:\\projects\\curoo\\client\\src\\reducers\\profilePicture.js": {"path":"C:\\projects\\curoo\\client\\src\\reducers\\profilePicture.js","statementMap":{},"fnMap":{},"branchMap":{},"s":{},"f":{},"b":{}}
,"C:\\projects\\curoo\\client\\src\\reducers\\sections.js": {"path":"C:\\projects\\curoo\\client\\src\\reducers\\sections.js","statementMap":{"0":{"start":{"line":1,"column":13},"end":{"line":1,"column":75}},"1":{"start":{"line":1,"column":75},"end":{"line":1,"column":146}},"2":{"start":{"line":1,"column":160},"end":{"line":1,"column":177}},"3":{"start":{"line":1,"column":193},"end":{"line":1,"column":224}},"4":{"start":{"line":1,"column":263},"end":{"line":1,"column":317}},"5":{"start":{"line":1,"column":377},"end":{"line":1,"column":379}},"6":{"start":{"line":1,"column":380},"end":{"line":1,"column":515}},"7":{"start":{"line":1,"column":400},"end":{"line":1,"column":435}},"8":{"start":{"line":1,"column":426},"end":{"line":1,"column":435}},"9":{"start":{"line":1,"column":435},"end":{"line":1,"column":495}},"10":{"start":{"line":1,"column":486},"end":{"line":1,"column":495}},"11":{"start":{"line":1,"column":495},"end":{"line":1,"column":514}},"12":{"start":{"line":1,"column":515},"end":{"line":1,"column":529}},"13":{"start":{"line":3,"column":20},"end":{"line":3,"column":33}},"14":{"start":{"line":4,"column":23},"end":{"line":4,"column":39}},"15":{"start":{"line":18,"column":26},"end":{"line":24,"column":1}},"16":{"start":{"line":19,"column":2},"end":{"line":22,"column":16}},"17":{"start":{"line":26,"column":31},"end":{"line":31,"column":1}},"18":{"start":{"line":27,"column":2},"end":{"line":29,"column":9}},"19":{"start":{"line":31,"column":2},"end":{"line":49,"column":2}},"20":{"start":{"line":34,"column":2},"end":{"line":47,"column":26}},"21":{"start":{"line":36,"column":17},"end":{"line":36,"column":40}},"22":{"start":{"line":37,"column":6},"end":{"line":41,"column":43}},"23":{"start":{"line":45,"column":23},"end":{"line":45,"column":43}},"24":{"start":{"line":45,"column":51},"end":{"line":45,"column":102}},"25":{"start":{"line":46,"column":6},"end":{"line":46,"column":37}},"26":{"start":{"line":47,"column":12},"end":{"line":47,"column":25}}},"fnMap":{"0":{"name":"_interopRequireDefault","decl":{"start":{"line":1,"column":234},"end":{"line":1,"column":256}},"loc":{"start":{"line":1,"column":262},"end":{"line":1,"column":318}},"line":1},"1":{"name":"_objectWithoutProperties","decl":{"start":{"line":1,"column":327},"end":{"line":1,"column":351}},"loc":{"start":{"line":1,"column":363},"end":{"line":1,"column":530}},"line":1},"2":{"name":"(anonymous_2)","decl":{"start":{"line":18,"column":54},"end":{"line":18,"column":55}},"loc":{"start":{"line":18,"column":79},"end":{"line":24,"column":1}},"line":18},"3":{"name":"(anonymous_3)","decl":{"start":{"line":26,"column":64},"end":{"line":26,"column":65}},"loc":{"start":{"line":26,"column":70},"end":{"line":31,"column":1}},"line":26},"4":{"name":"(anonymous_4)","decl":{"start":{"line":33,"column":0},"end":{"line":33,"column":1}},"loc":{"start":{"line":33,"column":24},"end":{"line":49,"column":1}},"line":33}},"branchMap":{"0":{"loc":{"start":{"line":1,"column":270},"end":{"line":1,"column":316}},"type":"cond-expr","locations":[{"start":{"line":1,"column":294},"end":{"line":1,"column":297}},{"start":{"line":1,"column":300},"end":{"line":1,"column":316}}],"line":1},"1":{"loc":{"start":{"line":1,"column":270},"end":{"line":1,"column":291}},"type":"binary-expr","locations":[{"start":{"line":1,"column":270},"end":{"line":1,"column":273}},{"start":{"line":1,"column":277},"end":{"line":1,"column":291}}],"line":1},"2":{"loc":{"start":{"line":1,"column":400},"end":{"line":1,"column":435}},"type":"if","locations":[{"start":{"line":1,"column":400},"end":{"line":1,"column":435}},{"start":{"line":1,"column":400},"end":{"line":1,"column":435}}],"line":1},"3":{"loc":{"start":{"line":1,"column":435},"end":{"line":1,"column":495}},"type":"if","locations":[{"start":{"line":1,"column":435},"end":{"line":1,"column":495}},{"start":{"line":1,"column":435},"end":{"line":1,"column":495}}],"line":1},"4":{"loc":{"start":{"line":33,"column":1},"end":{"line":33,"column":11}},"type":"default-arg","locations":[{"start":{"line":33,"column":9},"end":{"line":33,"column":11}}],"line":33},"5":{"loc":{"start":{"line":34,"column":2},"end":{"line":47,"column":26}},"type":"switch","locations":[{"start":{"line":35,"column":4},"end":{"line":41,"column":43}},{"start":{"line":44,"column":4},"end":{"line":46,"column":37}},{"start":{"line":47,"column":4},"end":{"line":47,"column":25}}],"line":34}},"s":{"0":0,"1":0,"2":0,"3":0,"4":0,"5":0,"6":0,"7":0,"8":0,"9":0,"10":0,"11":0,"12":0,"13":0,"14":0,"15":0,"16":0,"17":0,"18":0,"19":0,"20":0,"21":0,"22":0,"23":0,"24":0,"25":0,"26":0},"f":{"0":0,"1":0,"2":0,"3":0,"4":0},"b":{"0":[0,0],"1":[0,0],"2":[0,0],"3":[0,0],"4":[0],"5":[0,0,0]}}
,"C:\\projects\\curoo\\client\\src\\reducers\\skills.js": {"path":"C:\\projects\\curoo\\client\\src\\reducers\\skills.js","statementMap":{"0":{"start":{"line":4,"column":25},"end":{"line":4,"column":46}},"1":{"start":{"line":5,"column":28},"end":{"line":5,"column":52}},"2":{"start":{"line":6,"column":28},"end":{"line":6,"column":52}},"3":{"start":{"line":9,"column":24},"end":{"line":14,"column":1}},"4":{"start":{"line":10,"column":2},"end":{"line":13,"column":3}},"5":{"start":{"line":16,"column":27},"end":{"line":22,"column":1}},"6":{"start":{"line":17,"column":2},"end":{"line":21,"column":3}},"7":{"start":{"line":24,"column":27},"end":{"line":29,"column":1}},"8":{"start":{"line":25,"column":2},"end":{"line":28,"column":3}},"9":{"start":{"line":34,"column":2},"end":{"line":54,"column":3}},"10":{"start":{"line":35,"column":20},"end":{"line":41,"column":5}},"11":{"start":{"line":42,"column":23},"end":{"line":50,"column":7}},"12":{"start":{"line":43,"column":6},"end":{"line":48,"column":7}},"13":{"start":{"line":44,"column":8},"end":{"line":47,"column":9}},"14":{"start":{"line":49,"column":6},"end":{"line":49,"column":19}},"15":{"start":{"line":51,"column":23},"end":{"line":51,"column":76}},"16":{"start":{"line":51,"column":52},"end":{"line":51,"column":74}},"17":{"start":{"line":52,"column":13},"end":{"line":52,"column":26}}},"fnMap":{"0":{"name":"(anonymous_0)","decl":{"start":{"line":9,"column":24},"end":{"line":9,"column":25}},"loc":{"start":{"line":9,"column":34},"end":{"line":14,"column":1}},"line":9},"1":{"name":"(anonymous_1)","decl":{"start":{"line":16,"column":27},"end":{"line":16,"column":28}},"loc":{"start":{"line":16,"column":43},"end":{"line":22,"column":1}},"line":16},"2":{"name":"(anonymous_2)","decl":{"start":{"line":24,"column":27},"end":{"line":24,"column":28}},"loc":{"start":{"line":24,"column":33},"end":{"line":29,"column":1}},"line":24},"3":{"name":"(anonymous_3)","decl":{"start":{"line":32,"column":15},"end":{"line":32,"column":16}},"loc":{"start":{"line":32,"column":39},"end":{"line":56,"column":1}},"line":32},"4":{"name":"(anonymous_4)","decl":{"start":{"line":42,"column":40},"end":{"line":42,"column":41}},"loc":{"start":{"line":42,"column":49},"end":{"line":50,"column":5}},"line":42},"5":{"name":"(anonymous_5)","decl":{"start":{"line":51,"column":43},"end":{"line":51,"column":44}},"loc":{"start":{"line":51,"column":52},"end":{"line":51,"column":74}},"line":51}},"branchMap":{"0":{"loc":{"start":{"line":32,"column":16},"end":{"line":32,"column":26}},"type":"default-arg","locations":[{"start":{"line":32,"column":24},"end":{"line":32,"column":26}}],"line":32},"1":{"loc":{"start":{"line":34,"column":2},"end":{"line":54,"column":3}},"type":"switch","locations":[{"start":{"line":35,"column":4},"end":{"line":41,"column":5}},{"start":{"line":42,"column":4},"end":{"line":50,"column":7}},{"start":{"line":51,"column":4},"end":{"line":51,"column":76}},{"start":{"line":52,"column":4},"end":{"line":52,"column":26}}],"line":34},"2":{"loc":{"start":{"line":43,"column":6},"end":{"line":48,"column":7}},"type":"if","locations":[{"start":{"line":43,"column":6},"end":{"line":48,"column":7}},{"start":{"line":43,"column":6},"end":{"line":48,"column":7}}],"line":43}},"s":{"0":1,"1":1,"2":1,"3":1,"4":1,"5":1,"6":1,"7":1,"8":1,"9":5,"10":1,"11":1,"12":1,"13":1,"14":1,"15":1,"16":2,"17":2},"f":{"0":1,"1":1,"2":1,"3":5,"4":1,"5":2},"b":{"0":[1],"1":[1,1,1,2],"2":[1,0]},"_coverageSchema":"332fd63041d2c1bcb487cc26dd0d5f7d97098a6c","hash":"0849233b2216f367c3dbf379f34e00610d751b9b"}
,"C:\\projects\\curoo\\client\\src\\store\\index.js": {"path":"C:\\projects\\curoo\\client\\src\\store\\index.js","statementMap":{"0":{"start":{"line":1,"column":13},"end":{"line":1,"column":75}},"1":{"start":{"line":1,"column":88},"end":{"line":1,"column":104}},"2":{"start":{"line":2,"column":18},"end":{"line":2,"column":41}},"3":{"start":{"line":2,"column":61},"end":{"line":2,"column":96}},"4":{"start":{"line":3,"column":16},"end":{"line":3,"column":38}},"5":{"start":{"line":3,"column":56},"end":{"line":3,"column":89}},"6":{"start":{"line":3,"column":128},"end":{"line":3,"column":182}},"7":{"start":{"line":5,"column":25},"end":{"line":5,"column":86}},"8":{"start":{"line":5,"column":87},"end":{"line":9,"column":72}}},"fnMap":{"0":{"name":"_interopRequireDefault","decl":{"start":{"line":3,"column":99},"end":{"line":3,"column":121}},"loc":{"start":{"line":3,"column":127},"end":{"line":3,"column":183}},"line":3}},"branchMap":{"0":{"loc":{"start":{"line":3,"column":135},"end":{"line":3,"column":181}},"type":"cond-expr","locations":[{"start":{"line":3,"column":159},"end":{"line":3,"column":162}},{"start":{"line":3,"column":165},"end":{"line":3,"column":181}}],"line":3},"1":{"loc":{"start":{"line":3,"column":135},"end":{"line":3,"column":156}},"type":"binary-expr","locations":[{"start":{"line":3,"column":135},"end":{"line":3,"column":138}},{"start":{"line":3,"column":142},"end":{"line":3,"column":156}}],"line":3},"2":{"loc":{"start":{"line":5,"column":25},"end":{"line":5,"column":86}},"type":"binary-expr","locations":[{"start":{"line":5,"column":25},"end":{"line":5,"column":68}},{"start":{"line":5,"column":72},"end":{"line":5,"column":86}}],"line":5}},"s":{"0":0,"1":0,"2":0,"3":0,"4":0,"5":0,"6":0,"7":0,"8":0},"f":{"0":0},"b":{"0":[0,0],"1":[0,0],"2":[0,0]}}
,"C:\\projects\\curoo\\client\\src\\store\\middleware\\index.js": {"path":"C:\\projects\\curoo\\client\\src\\store\\middleware\\index.js","statementMap":{"0":{"start":{"line":1,"column":13},"end":{"line":1,"column":75}},"1":{"start":{"line":1,"column":93},"end":{"line":1,"column":115}},"2":{"start":{"line":1,"column":135},"end":{"line":1,"column":170}},"3":{"start":{"line":1,"column":209},"end":{"line":1,"column":263}},"4":{"start":{"line":3,"column":19},"end":{"line":4,"column":21}},"5":{"start":{"line":4,"column":22},"end":{"line":7,"column":11}}},"fnMap":{"0":{"name":"_interopRequireDefault","decl":{"start":{"line":1,"column":180},"end":{"line":1,"column":202}},"loc":{"start":{"line":1,"column":208},"end":{"line":1,"column":264}},"line":1}},"branchMap":{"0":{"loc":{"start":{"line":1,"column":216},"end":{"line":1,"column":262}},"type":"cond-expr","locations":[{"start":{"line":1,"column":240},"end":{"line":1,"column":243}},{"start":{"line":1,"column":246},"end":{"line":1,"column":262}}],"line":1},"1":{"loc":{"start":{"line":1,"column":216},"end":{"line":1,"column":237}},"type":"binary-expr","locations":[{"start":{"line":1,"column":216},"end":{"line":1,"column":219}},{"start":{"line":1,"column":223},"end":{"line":1,"column":237}}],"line":1}},"s":{"0":0,"1":0,"2":0,"3":0,"4":0,"5":0},"f":{"0":0},"b":{"0":[0,0],"1":[0,0]}}
}
